0 verbose cli C:\Program Files\nodejs\node.exe C:\Program Files\nodejs\node_modules\npm\bin\npm-cli.js
1 info using npm@10.9.2
2 info using node@v23.10.0
3 silly config load:file:C:\Users\win10\AppData\Roaming\nvm\v23.10.0\node_modules\npm\npmrc
4 silly config load:file:D:\Whitelist\Template\Building\Suroc-AITeam\Documentation_Pack\MCP_Manual\sources\slack\.npmrc
5 silly config load:file:C:\Users\win10\.npmrc
6 silly config load:file:C:\Program Files\nodejs\etc\npmrc
7 verbose title npm install
8 verbose argv "install" "--no-audit" "--no-fund" "--cache" "D:\\Whitelist\\Template\\Building\\Suroc-AITeam\\Documentation_Pack\\MCP_Manual\\.npm-cache"
9 verbose logfile logs-max:10 dir:D:\Whitelist\Template\Building\Suroc-AITeam\Documentation_Pack\MCP_Manual\.npm-cache\_logs\2026-03-19T05_34_51_903Z-
10 verbose logfile D:\Whitelist\Template\Building\Suroc-AITeam\Documentation_Pack\MCP_Manual\.npm-cache\_logs\2026-03-19T05_34_51_903Z-debug-0.log
11 silly logfile start cleaning logs, removing 1 files
12 silly packumentCache heap:4345298944 maxSize:1086324736 maxEntrySize:543162368
13 silly logfile done cleaning log files
14 silly idealTree buildDeps
15 warn EBADENGINE Unsupported engine {
15 warn EBADENGINE   package: '@jest/console@30.0.4',
15 warn EBADENGINE   required: { node: '^18.14.0 || ^20.0.0 || ^22.0.0 || >=24.0.0' },
15 warn EBADENGINE   current: { node: 'v23.10.0', npm: '10.9.2' }
15 warn EBADENGINE }
16 warn EBADENGINE Unsupported engine {
16 warn EBADENGINE   package: '@jest/core@30.0.4',
16 warn EBADENGINE   required: { node: '^18.14.0 || ^20.0.0 || ^22.0.0 || >=24.0.0' },
16 warn EBADENGINE   current: { node: 'v23.10.0', npm: '10.9.2' }
16 warn EBADENGINE }
17 warn EBADENGINE Unsupported engine {
17 warn EBADENGINE   package: '@jest/diff-sequences@30.0.1',
17 warn EBADENGINE   required: { node: '^18.14.0 || ^20.0.0 || ^22.0.0 || >=24.0.0' },
17 warn EBADENGINE   current: { node: 'v23.10.0', npm: '10.9.2' }
17 warn EBADENGINE }
18 warn EBADENGINE Unsupported engine {
18 warn EBADENGINE   package: '@jest/environment@30.0.4',
18 warn EBADENGINE   required: { node: '^18.14.0 || ^20.0.0 || ^22.0.0 || >=24.0.0' },
18 warn EBADENGINE   current: { node: 'v23.10.0', npm: '10.9.2' }
18 warn EBADENGINE }
19 warn EBADENGINE Unsupported engine {
19 warn EBADENGINE   package: '@jest/expect@30.0.4',
19 warn EBADENGINE   required: { node: '^18.14.0 || ^20.0.0 || ^22.0.0 || >=24.0.0' },
19 warn EBADENGINE   current: { node: 'v23.10.0', npm: '10.9.2' }
19 warn EBADENGINE }
20 warn EBADENGINE Unsupported engine {
20 warn EBADENGINE   package: '@jest/expect-utils@30.0.4',
20 warn EBADENGINE   required: { node: '^18.14.0 || ^20.0.0 || ^22.0.0 || >=24.0.0' },
20 warn EBADENGINE   current: { node: 'v23.10.0', npm: '10.9.2' }
20 warn EBADENGINE }
21 warn EBADENGINE Unsupported engine {
21 warn EBADENGINE   package: '@jest/fake-timers@30.0.4',
21 warn EBADENGINE   required: { node: '^18.14.0 || ^20.0.0 || ^22.0.0 || >=24.0.0' },
21 warn EBADENGINE   current: { node: 'v23.10.0', npm: '10.9.2' }
21 warn EBADENGINE }
22 warn EBADENGINE Unsupported engine {
22 warn EBADENGINE   package: '@jest/get-type@30.0.1',
22 warn EBADENGINE   required: { node: '^18.14.0 || ^20.0.0 || ^22.0.0 || >=24.0.0' },
22 warn EBADENGINE   current: { node: 'v23.10.0', npm: '10.9.2' }
22 warn EBADENGINE }
23 warn EBADENGINE Unsupported engine {
23 warn EBADENGINE   package: '@jest/globals@30.0.4',
23 warn EBADENGINE   required: { node: '^18.14.0 || ^20.0.0 || ^22.0.0 || >=24.0.0' },
23 warn EBADENGINE   current: { node: 'v23.10.0', npm: '10.9.2' }
23 warn EBADENGINE }
24 warn EBADENGINE Unsupported engine {
24 warn EBADENGINE   package: '@jest/pattern@30.0.1',
24 warn EBADENGINE   required: { node: '^18.14.0 || ^20.0.0 || ^22.0.0 || >=24.0.0' },
24 warn EBADENGINE   current: { node: 'v23.10.0', npm: '10.9.2' }
24 warn EBADENGINE }
25 warn EBADENGINE Unsupported engine {
25 warn EBADENGINE   package: '@jest/reporters@30.0.4',
25 warn EBADENGINE   required: { node: '^18.14.0 || ^20.0.0 || ^22.0.0 || >=24.0.0' },
25 warn EBADENGINE   current: { node: 'v23.10.0', npm: '10.9.2' }
25 warn EBADENGINE }
26 warn EBADENGINE Unsupported engine {
26 warn EBADENGINE   package: '@jest/schemas@30.0.1',
26 warn EBADENGINE   required: { node: '^18.14.0 || ^20.0.0 || ^22.0.0 || >=24.0.0' },
26 warn EBADENGINE   current: { node: 'v23.10.0', npm: '10.9.2' }
26 warn EBADENGINE }
27 warn EBADENGINE Unsupported engine {
27 warn EBADENGINE   package: '@jest/snapshot-utils@30.0.4',
27 warn EBADENGINE   required: { node: '^18.14.0 || ^20.0.0 || ^22.0.0 || >=24.0.0' },
27 warn EBADENGINE   current: { node: 'v23.10.0', npm: '10.9.2' }
27 warn EBADENGINE }
28 warn EBADENGINE Unsupported engine {
28 warn EBADENGINE   package: '@jest/source-map@30.0.1',
28 warn EBADENGINE   required: { node: '^18.14.0 || ^20.0.0 || ^22.0.0 || >=24.0.0' },
28 warn EBADENGINE   current: { node: 'v23.10.0', npm: '10.9.2' }
28 warn EBADENGINE }
29 warn EBADENGINE Unsupported engine {
29 warn EBADENGINE   package: '@jest/test-result@30.0.4',
29 warn EBADENGINE   required: { node: '^18.14.0 || ^20.0.0 || ^22.0.0 || >=24.0.0' },
29 warn EBADENGINE   current: { node: 'v23.10.0', npm: '10.9.2' }
29 warn EBADENGINE }
30 warn EBADENGINE Unsupported engine {
30 warn EBADENGINE   package: '@jest/test-sequencer@30.0.4',
30 warn EBADENGINE   required: { node: '^18.14.0 || ^20.0.0 || ^22.0.0 || >=24.0.0' },
30 warn EBADENGINE   current: { node: 'v23.10.0', npm: '10.9.2' }
30 warn EBADENGINE }
31 warn EBADENGINE Unsupported engine {
31 warn EBADENGINE   package: '@jest/transform@30.0.4',
31 warn EBADENGINE   required: { node: '^18.14.0 || ^20.0.0 || ^22.0.0 || >=24.0.0' },
31 warn EBADENGINE   current: { node: 'v23.10.0', npm: '10.9.2' }
31 warn EBADENGINE }
32 warn EBADENGINE Unsupported engine {
32 warn EBADENGINE   package: '@jest/types@30.0.1',
32 warn EBADENGINE   required: { node: '^18.14.0 || ^20.0.0 || ^22.0.0 || >=24.0.0' },
32 warn EBADENGINE   current: { node: 'v23.10.0', npm: '10.9.2' }
32 warn EBADENGINE }
33 warn EBADENGINE Unsupported engine {
33 warn EBADENGINE   package: 'babel-jest@30.0.4',
33 warn EBADENGINE   required: { node: '^18.14.0 || ^20.0.0 || ^22.0.0 || >=24.0.0' },
33 warn EBADENGINE   current: { node: 'v23.10.0', npm: '10.9.2' }
33 warn EBADENGINE }
34 warn EBADENGINE Unsupported engine {
34 warn EBADENGINE   package: 'babel-plugin-jest-hoist@30.0.1',
34 warn EBADENGINE   required: { node: '^18.14.0 || ^20.0.0 || ^22.0.0 || >=24.0.0' },
34 warn EBADENGINE   current: { node: 'v23.10.0', npm: '10.9.2' }
34 warn EBADENGINE }
35 warn EBADENGINE Unsupported engine {
35 warn EBADENGINE   package: 'babel-preset-jest@30.0.1',
35 warn EBADENGINE   required: { node: '^18.14.0 || ^20.0.0 || ^22.0.0 || >=24.0.0' },
35 warn EBADENGINE   current: { node: 'v23.10.0', npm: '10.9.2' }
35 warn EBADENGINE }
36 warn EBADENGINE Unsupported engine {
36 warn EBADENGINE   package: 'expect@30.0.4',
36 warn EBADENGINE   required: { node: '^18.14.0 || ^20.0.0 || ^22.0.0 || >=24.0.0' },
36 warn EBADENGINE   current: { node: 'v23.10.0', npm: '10.9.2' }
36 warn EBADENGINE }
37 warn EBADENGINE Unsupported engine {
37 warn EBADENGINE   package: 'jest@30.0.4',
37 warn EBADENGINE   required: { node: '^18.14.0 || ^20.0.0 || ^22.0.0 || >=24.0.0' },
37 warn EBADENGINE   current: { node: 'v23.10.0', npm: '10.9.2' }
37 warn EBADENGINE }
38 warn EBADENGINE Unsupported engine {
38 warn EBADENGINE   package: 'jest-changed-files@30.0.2',
38 warn EBADENGINE   required: { node: '^18.14.0 || ^20.0.0 || ^22.0.0 || >=24.0.0' },
38 warn EBADENGINE   current: { node: 'v23.10.0', npm: '10.9.2' }
38 warn EBADENGINE }
39 warn EBADENGINE Unsupported engine {
39 warn EBADENGINE   package: 'jest-circus@30.0.4',
39 warn EBADENGINE   required: { node: '^18.14.0 || ^20.0.0 || ^22.0.0 || >=24.0.0' },
39 warn EBADENGINE   current: { node: 'v23.10.0', npm: '10.9.2' }
39 warn EBADENGINE }
40 warn EBADENGINE Unsupported engine {
40 warn EBADENGINE   package: 'jest-cli@30.0.4',
40 warn EBADENGINE   required: { node: '^18.14.0 || ^20.0.0 || ^22.0.0 || >=24.0.0' },
40 warn EBADENGINE   current: { node: 'v23.10.0', npm: '10.9.2' }
40 warn EBADENGINE }
41 warn EBADENGINE Unsupported engine {
41 warn EBADENGINE   package: 'jest-config@30.0.4',
41 warn EBADENGINE   required: { node: '^18.14.0 || ^20.0.0 || ^22.0.0 || >=24.0.0' },
41 warn EBADENGINE   current: { node: 'v23.10.0', npm: '10.9.2' }
41 warn EBADENGINE }
42 warn EBADENGINE Unsupported engine {
42 warn EBADENGINE   package: 'jest-diff@30.0.4',
42 warn EBADENGINE   required: { node: '^18.14.0 || ^20.0.0 || ^22.0.0 || >=24.0.0' },
42 warn EBADENGINE   current: { node: 'v23.10.0', npm: '10.9.2' }
42 warn EBADENGINE }
43 warn EBADENGINE Unsupported engine {
43 warn EBADENGINE   package: 'jest-docblock@30.0.1',
43 warn EBADENGINE   required: { node: '^18.14.0 || ^20.0.0 || ^22.0.0 || >=24.0.0' },
43 warn EBADENGINE   current: { node: 'v23.10.0', npm: '10.9.2' }
43 warn EBADENGINE }
44 warn EBADENGINE Unsupported engine {
44 warn EBADENGINE   package: 'jest-each@30.0.2',
44 warn EBADENGINE   required: { node: '^18.14.0 || ^20.0.0 || ^22.0.0 || >=24.0.0' },
44 warn EBADENGINE   current: { node: 'v23.10.0', npm: '10.9.2' }
44 warn EBADENGINE }
45 warn EBADENGINE Unsupported engine {
45 warn EBADENGINE   package: 'jest-environment-node@30.0.4',
45 warn EBADENGINE   required: { node: '^18.14.0 || ^20.0.0 || ^22.0.0 || >=24.0.0' },
45 warn EBADENGINE   current: { node: 'v23.10.0', npm: '10.9.2' }
45 warn EBADENGINE }
46 warn EBADENGINE Unsupported engine {
46 warn EBADENGINE   package: 'jest-haste-map@30.0.2',
46 warn EBADENGINE   required: { node: '^18.14.0 || ^20.0.0 || ^22.0.0 || >=24.0.0' },
46 warn EBADENGINE   current: { node: 'v23.10.0', npm: '10.9.2' }
46 warn EBADENGINE }
47 warn EBADENGINE Unsupported engine {
47 warn EBADENGINE   package: 'jest-leak-detector@30.0.2',
47 warn EBADENGINE   required: { node: '^18.14.0 || ^20.0.0 || ^22.0.0 || >=24.0.0' },
47 warn EBADENGINE   current: { node: 'v23.10.0', npm: '10.9.2' }
47 warn EBADENGINE }
48 warn EBADENGINE Unsupported engine {
48 warn EBADENGINE   package: 'jest-matcher-utils@30.0.4',
48 warn EBADENGINE   required: { node: '^18.14.0 || ^20.0.0 || ^22.0.0 || >=24.0.0' },
48 warn EBADENGINE   current: { node: 'v23.10.0', npm: '10.9.2' }
48 warn EBADENGINE }
49 warn EBADENGINE Unsupported engine {
49 warn EBADENGINE   package: 'jest-message-util@30.0.2',
49 warn EBADENGINE   required: { node: '^18.14.0 || ^20.0.0 || ^22.0.0 || >=24.0.0' },
49 warn EBADENGINE   current: { node: 'v23.10.0', npm: '10.9.2' }
49 warn EBADENGINE }
50 warn EBADENGINE Unsupported engine {
50 warn EBADENGINE   package: 'jest-mock@30.0.2',
50 warn EBADENGINE   required: { node: '^18.14.0 || ^20.0.0 || ^22.0.0 || >=24.0.0' },
50 warn EBADENGINE   current: { node: 'v23.10.0', npm: '10.9.2' }
50 warn EBADENGINE }
51 warn EBADENGINE Unsupported engine {
51 warn EBADENGINE   package: 'jest-regex-util@30.0.1',
51 warn EBADENGINE   required: { node: '^18.14.0 || ^20.0.0 || ^22.0.0 || >=24.0.0' },
51 warn EBADENGINE   current: { node: 'v23.10.0', npm: '10.9.2' }
51 warn EBADENGINE }
52 warn EBADENGINE Unsupported engine {
52 warn EBADENGINE   package: 'jest-resolve@30.0.2',
52 warn EBADENGINE   required: { node: '^18.14.0 || ^20.0.0 || ^22.0.0 || >=24.0.0' },
52 warn EBADENGINE   current: { node: 'v23.10.0', npm: '10.9.2' }
52 warn EBADENGINE }
53 warn EBADENGINE Unsupported engine {
53 warn EBADENGINE   package: 'jest-resolve-dependencies@30.0.4',
53 warn EBADENGINE   required: { node: '^18.14.0 || ^20.0.0 || ^22.0.0 || >=24.0.0' },
53 warn EBADENGINE   current: { node: 'v23.10.0', npm: '10.9.2' }
53 warn EBADENGINE }
54 warn EBADENGINE Unsupported engine {
54 warn EBADENGINE   package: 'jest-runner@30.0.4',
54 warn EBADENGINE   required: { node: '^18.14.0 || ^20.0.0 || ^22.0.0 || >=24.0.0' },
54 warn EBADENGINE   current: { node: 'v23.10.0', npm: '10.9.2' }
54 warn EBADENGINE }
55 warn EBADENGINE Unsupported engine {
55 warn EBADENGINE   package: 'jest-runtime@30.0.4',
55 warn EBADENGINE   required: { node: '^18.14.0 || ^20.0.0 || ^22.0.0 || >=24.0.0' },
55 warn EBADENGINE   current: { node: 'v23.10.0', npm: '10.9.2' }
55 warn EBADENGINE }
56 warn EBADENGINE Unsupported engine {
56 warn EBADENGINE   package: 'jest-snapshot@30.0.4',
56 warn EBADENGINE   required: { node: '^18.14.0 || ^20.0.0 || ^22.0.0 || >=24.0.0' },
56 warn EBADENGINE   current: { node: 'v23.10.0', npm: '10.9.2' }
56 warn EBADENGINE }
57 warn EBADENGINE Unsupported engine {
57 warn EBADENGINE   package: 'jest-util@30.0.2',
57 warn EBADENGINE   required: { node: '^18.14.0 || ^20.0.0 || ^22.0.0 || >=24.0.0' },
57 warn EBADENGINE   current: { node: 'v23.10.0', npm: '10.9.2' }
57 warn EBADENGINE }
58 warn EBADENGINE Unsupported engine {
58 warn EBADENGINE   package: 'jest-validate@30.0.2',
58 warn EBADENGINE   required: { node: '^18.14.0 || ^20.0.0 || ^22.0.0 || >=24.0.0' },
58 warn EBADENGINE   current: { node: 'v23.10.0', npm: '10.9.2' }
58 warn EBADENGINE }
59 warn EBADENGINE Unsupported engine {
59 warn EBADENGINE   package: 'jest-watcher@30.0.4',
59 warn EBADENGINE   required: { node: '^18.14.0 || ^20.0.0 || ^22.0.0 || >=24.0.0' },
59 warn EBADENGINE   current: { node: 'v23.10.0', npm: '10.9.2' }
59 warn EBADENGINE }
60 warn EBADENGINE Unsupported engine {
60 warn EBADENGINE   package: 'jest-worker@30.0.2',
60 warn EBADENGINE   required: { node: '^18.14.0 || ^20.0.0 || ^22.0.0 || >=24.0.0' },
60 warn EBADENGINE   current: { node: 'v23.10.0', npm: '10.9.2' }
60 warn EBADENGINE }
61 warn EBADENGINE Unsupported engine {
61 warn EBADENGINE   package: 'pretty-format@30.0.2',
61 warn EBADENGINE   required: { node: '^18.14.0 || ^20.0.0 || ^22.0.0 || >=24.0.0' },
61 warn EBADENGINE   current: { node: 'v23.10.0', npm: '10.9.2' }
61 warn EBADENGINE }
62 silly reify mark retired [
62 silly reify   'D:\\Whitelist\\Template\\Building\\Suroc-AITeam\\Documentation_Pack\\MCP_Manual\\sources\\slack\\node_modules\\@sinclair\\typebox'
62 silly reify ]
63 silly reify moves {
63 silly reify   'D:\\Whitelist\\Template\\Building\\Suroc-AITeam\\Documentation_Pack\\MCP_Manual\\sources\\slack\\node_modules\\@sinclair\\typebox': 'D:\\Whitelist\\Template\\Building\\Suroc-AITeam\\Documentation_Pack\\MCP_Manual\\sources\\slack\\node_modules\\@sinclair\\.typebox-p2oSSL3H'
63 silly reify }
64 verbose reify failed optional dependency D:\Whitelist\Template\Building\Suroc-AITeam\Documentation_Pack\MCP_Manual\sources\slack\node_modules\fsevents
65 silly reify mark deleted [
65 silly reify   'D:\\Whitelist\\Template\\Building\\Suroc-AITeam\\Documentation_Pack\\MCP_Manual\\sources\\slack\\node_modules\\fsevents'
65 silly reify ]
66 verbose reify failed optional dependency D:\Whitelist\Template\Building\Suroc-AITeam\Documentation_Pack\MCP_Manual\sources\slack\node_modules\@unrs\resolver-binding-win32-ia32-msvc
67 silly reify mark deleted [
67 silly reify   'D:\\Whitelist\\Template\\Building\\Suroc-AITeam\\Documentation_Pack\\MCP_Manual\\sources\\slack\\node_modules\\@unrs\\resolver-binding-win32-ia32-msvc'
67 silly reify ]
68 verbose reify failed optional dependency D:\Whitelist\Template\Building\Suroc-AITeam\Documentation_Pack\MCP_Manual\sources\slack\node_modules\@unrs\resolver-binding-win32-arm64-msvc
69 silly reify mark deleted [
69 silly reify   'D:\\Whitelist\\Template\\Building\\Suroc-AITeam\\Documentation_Pack\\MCP_Manual\\sources\\slack\\node_modules\\@unrs\\resolver-binding-win32-arm64-msvc'
69 silly reify ]
70 verbose reify failed optional dependency D:\Whitelist\Template\Building\Suroc-AITeam\Documentation_Pack\MCP_Manual\sources\slack\node_modules\@unrs\resolver-binding-wasm32-wasi
71 silly reify mark deleted [
71 silly reify   'D:\\Whitelist\\Template\\Building\\Suroc-AITeam\\Documentation_Pack\\MCP_Manual\\sources\\slack\\node_modules\\@unrs\\resolver-binding-wasm32-wasi'
71 silly reify ]
72 verbose reify failed optional dependency D:\Whitelist\Template\Building\Suroc-AITeam\Documentation_Pack\MCP_Manual\sources\slack\node_modules\@napi-rs\wasm-runtime
73 silly reify mark deleted [
73 silly reify   'D:\\Whitelist\\Template\\Building\\Suroc-AITeam\\Documentation_Pack\\MCP_Manual\\sources\\slack\\node_modules\\@napi-rs\\wasm-runtime'
73 silly reify ]
74 verbose reify failed optional dependency D:\Whitelist\Template\Building\Suroc-AITeam\Documentation_Pack\MCP_Manual\sources\slack\node_modules\@emnapi\core
75 silly reify mark deleted [
75 silly reify   'D:\\Whitelist\\Template\\Building\\Suroc-AITeam\\Documentation_Pack\\MCP_Manual\\sources\\slack\\node_modules\\@emnapi\\core'
75 silly reify ]
76 verbose reify failed optional dependency D:\Whitelist\Template\Building\Suroc-AITeam\Documentation_Pack\MCP_Manual\sources\slack\node_modules\@emnapi\runtime
77 silly reify mark deleted [
77 silly reify   'D:\\Whitelist\\Template\\Building\\Suroc-AITeam\\Documentation_Pack\\MCP_Manual\\sources\\slack\\node_modules\\@emnapi\\runtime'
77 silly reify ]
78 verbose reify failed optional dependency D:\Whitelist\Template\Building\Suroc-AITeam\Documentation_Pack\MCP_Manual\sources\slack\node_modules\@tybys\wasm-util
79 silly reify mark deleted [
79 silly reify   'D:\\Whitelist\\Template\\Building\\Suroc-AITeam\\Documentation_Pack\\MCP_Manual\\sources\\slack\\node_modules\\@tybys\\wasm-util'
79 silly reify ]
80 verbose reify failed optional dependency D:\Whitelist\Template\Building\Suroc-AITeam\Documentation_Pack\MCP_Manual\sources\slack\node_modules\@emnapi\wasi-threads
81 silly reify mark deleted [
81 silly reify   'D:\\Whitelist\\Template\\Building\\Suroc-AITeam\\Documentation_Pack\\MCP_Manual\\sources\\slack\\node_modules\\@emnapi\\wasi-threads'
81 silly reify ]
82 verbose reify failed optional dependency D:\Whitelist\Template\Building\Suroc-AITeam\Documentation_Pack\MCP_Manual\sources\slack\node_modules\tslib
83 silly reify mark deleted [
83 silly reify   'D:\\Whitelist\\Template\\Building\\Suroc-AITeam\\Documentation_Pack\\MCP_Manual\\sources\\slack\\node_modules\\tslib'
83 silly reify ]
84 verbose reify failed optional dependency D:\Whitelist\Template\Building\Suroc-AITeam\Documentation_Pack\MCP_Manual\sources\slack\node_modules\@unrs\resolver-binding-linux-x64-musl
85 silly reify mark deleted [
85 silly reify   'D:\\Whitelist\\Template\\Building\\Suroc-AITeam\\Documentation_Pack\\MCP_Manual\\sources\\slack\\node_modules\\@unrs\\resolver-binding-linux-x64-musl'
85 silly reify ]
86 verbose reify failed optional dependency D:\Whitelist\Template\Building\Suroc-AITeam\Documentation_Pack\MCP_Manual\sources\slack\node_modules\@unrs\resolver-binding-linux-x64-gnu
87 silly reify mark deleted [
87 silly reify   'D:\\Whitelist\\Template\\Building\\Suroc-AITeam\\Documentation_Pack\\MCP_Manual\\sources\\slack\\node_modules\\@unrs\\resolver-binding-linux-x64-gnu'
87 silly reify ]
88 verbose reify failed optional dependency D:\Whitelist\Template\Building\Suroc-AITeam\Documentation_Pack\MCP_Manual\sources\slack\node_modules\@unrs\resolver-binding-linux-s390x-gnu
89 silly reify mark deleted [
89 silly reify   'D:\\Whitelist\\Template\\Building\\Suroc-AITeam\\Documentation_Pack\\MCP_Manual\\sources\\slack\\node_modules\\@unrs\\resolver-binding-linux-s390x-gnu'
89 silly reify ]
90 verbose reify failed optional dependency D:\Whitelist\Template\Building\Suroc-AITeam\Documentation_Pack\MCP_Manual\sources\slack\node_modules\@unrs\resolver-binding-linux-riscv64-musl
91 silly reify mark deleted [
91 silly reify   'D:\\Whitelist\\Template\\Building\\Suroc-AITeam\\Documentation_Pack\\MCP_Manual\\sources\\slack\\node_modules\\@unrs\\resolver-binding-linux-riscv64-musl'
91 silly reify ]
92 verbose reify failed optional dependency D:\Whitelist\Template\Building\Suroc-AITeam\Documentation_Pack\MCP_Manual\sources\slack\node_modules\@unrs\resolver-binding-linux-riscv64-gnu
93 silly reify mark deleted [
93 silly reify   'D:\\Whitelist\\Template\\Building\\Suroc-AITeam\\Documentation_Pack\\MCP_Manual\\sources\\slack\\node_modules\\@unrs\\resolver-binding-linux-riscv64-gnu'
93 silly reify ]
94 verbose reify failed optional dependency D:\Whitelist\Template\Building\Suroc-AITeam\Documentation_Pack\MCP_Manual\sources\slack\node_modules\@unrs\resolver-binding-linux-ppc64-gnu
95 silly reify mark deleted [
95 silly reify   'D:\\Whitelist\\Template\\Building\\Suroc-AITeam\\Documentation_Pack\\MCP_Manual\\sources\\slack\\node_modules\\@unrs\\resolver-binding-linux-ppc64-gnu'
95 silly reify ]
96 verbose reify failed optional dependency D:\Whitelist\Template\Building\Suroc-AITeam\Documentation_Pack\MCP_Manual\sources\slack\node_modules\@unrs\resolver-binding-linux-arm64-musl
97 silly reify mark deleted [
97 silly reify   'D:\\Whitelist\\Template\\Building\\Suroc-AITeam\\Documentation_Pack\\MCP_Manual\\sources\\slack\\node_modules\\@unrs\\resolver-binding-linux-arm64-musl'
97 silly reify ]
98 verbose reify failed optional dependency D:\Whitelist\Template\Building\Suroc-AITeam\Documentation_Pack\MCP_Manual\sources\slack\node_modules\@unrs\resolver-binding-linux-arm64-gnu
99 silly reify mark deleted [
99 silly reify   'D:\\Whitelist\\Template\\Building\\Suroc-AITeam\\Documentation_Pack\\MCP_Manual\\sources\\slack\\node_modules\\@unrs\\resolver-binding-linux-arm64-gnu'
99 silly reify ]
100 verbose reify failed optional dependency D:\Whitelist\Template\Building\Suroc-AITeam\Documentation_Pack\MCP_Manual\sources\slack\node_modules\@unrs\resolver-binding-linux-arm-musleabihf
101 silly reify mark deleted [
101 silly reify   'D:\\Whitelist\\Template\\Building\\Suroc-AITeam\\Documentation_Pack\\MCP_Manual\\sources\\slack\\node_modules\\@unrs\\resolver-binding-linux-arm-musleabihf'
101 silly reify ]
102 verbose reify failed optional dependency D:\Whitelist\Template\Building\Suroc-AITeam\Documentation_Pack\MCP_Manual\sources\slack\node_modules\@unrs\resolver-binding-linux-arm-gnueabihf
103 silly reify mark deleted [
103 silly reify   'D:\\Whitelist\\Template\\Building\\Suroc-AITeam\\Documentation_Pack\\MCP_Manual\\sources\\slack\\node_modules\\@unrs\\resolver-binding-linux-arm-gnueabihf'
103 silly reify ]
104 verbose reify failed optional dependency D:\Whitelist\Template\Building\Suroc-AITeam\Documentation_Pack\MCP_Manual\sources\slack\node_modules\@unrs\resolver-binding-freebsd-x64
105 silly reify mark deleted [
105 silly reify   'D:\\Whitelist\\Template\\Building\\Suroc-AITeam\\Documentation_Pack\\MCP_Manual\\sources\\slack\\node_modules\\@unrs\\resolver-binding-freebsd-x64'
105 silly reify ]
106 verbose reify failed optional dependency D:\Whitelist\Template\Building\Suroc-AITeam\Documentation_Pack\MCP_Manual\sources\slack\node_modules\@unrs\resolver-binding-darwin-x64
107 silly reify mark deleted [
107 silly reify   'D:\\Whitelist\\Template\\Building\\Suroc-AITeam\\Documentation_Pack\\MCP_Manual\\sources\\slack\\node_modules\\@unrs\\resolver-binding-darwin-x64'
107 silly reify ]
108 verbose reify failed optional dependency D:\Whitelist\Template\Building\Suroc-AITeam\Documentation_Pack\MCP_Manual\sources\slack\node_modules\@unrs\resolver-binding-darwin-arm64
109 silly reify mark deleted [
109 silly reify   'D:\\Whitelist\\Template\\Building\\Suroc-AITeam\\Documentation_Pack\\MCP_Manual\\sources\\slack\\node_modules\\@unrs\\resolver-binding-darwin-arm64'
109 silly reify ]
110 verbose reify failed optional dependency D:\Whitelist\Template\Building\Suroc-AITeam\Documentation_Pack\MCP_Manual\sources\slack\node_modules\@unrs\resolver-binding-android-arm64
111 silly reify mark deleted [
111 silly reify   'D:\\Whitelist\\Template\\Building\\Suroc-AITeam\\Documentation_Pack\\MCP_Manual\\sources\\slack\\node_modules\\@unrs\\resolver-binding-android-arm64'
111 silly reify ]
112 verbose reify failed optional dependency D:\Whitelist\Template\Building\Suroc-AITeam\Documentation_Pack\MCP_Manual\sources\slack\node_modules\@unrs\resolver-binding-android-arm-eabi
113 silly reify mark deleted [
113 silly reify   'D:\\Whitelist\\Template\\Building\\Suroc-AITeam\\Documentation_Pack\\MCP_Manual\\sources\\slack\\node_modules\\@unrs\\resolver-binding-android-arm-eabi'
113 silly reify ]
114 http cache zod@https://registry.npmmirror.com/zod/-/zod-3.25.76.tgz 0ms (cache hit)
115 http cache yocto-queue@https://registry.npmmirror.com/yocto-queue/-/yocto-queue-0.1.0.tgz 0ms (cache hit)
116 http cache yargs@https://registry.npmmirror.com/yargs/-/yargs-17.7.2.tgz 0ms (cache hit)
117 http cache yallist@https://registry.npmmirror.com/yallist/-/yallist-3.1.1.tgz 0ms (cache hit)
118 http cache yargs-parser@https://registry.npmmirror.com/yargs-parser/-/yargs-parser-21.1.1.tgz 1ms (cache hit)
119 http cache y18n@https://registry.npmmirror.com/y18n/-/y18n-5.0.8.tgz 0ms (cache hit)
120 http cache wrap-ansi-cjs@https://registry.npmmirror.com/wrap-ansi/-/wrap-ansi-7.0.0.tgz 0ms (cache hit)
121 http cache write-file-atomic@https://registry.npmmirror.com/write-file-atomic/-/write-file-atomic-5.0.1.tgz 0ms (cache hit)
122 http cache wrappy@https://registry.npmmirror.com/wrappy/-/wrappy-1.0.2.tgz 1ms (cache hit)
123 http cache wrap-ansi@https://registry.npmmirror.com/wrap-ansi/-/wrap-ansi-8.1.0.tgz 0ms (cache hit)
124 http cache which@https://registry.npmmirror.com/which/-/which-2.0.2.tgz 0ms (cache hit)
125 http cache walker@https://registry.npmmirror.com/walker/-/walker-1.0.8.tgz 1ms (cache hit)
126 http cache vary@https://registry.npmmirror.com/vary/-/vary-1.1.2.tgz 0ms (cache hit)
127 http cache v8-to-istanbul@https://registry.npmmirror.com/v8-to-istanbul/-/v8-to-istanbul-9.3.0.tgz 0ms (cache hit)
128 http cache uri-js@https://registry.npmmirror.com/uri-js/-/uri-js-4.4.1.tgz 0ms (cache hit)
129 http cache update-browserslist-db@https://registry.npmmirror.com/update-browserslist-db/-/update-browserslist-db-1.1.3.tgz 0ms (cache hit)
130 http cache unpipe@https://registry.npmmirror.com/unpipe/-/unpipe-1.0.0.tgz 0ms (cache hit)
131 http cache unrs-resolver@https://registry.npmmirror.com/unrs-resolver/-/unrs-resolver-1.11.1.tgz 0ms (cache hit)
132 http cache type-fest@https://registry.npmmirror.com/type-fest/-/type-fest-0.21.3.tgz 0ms (cache hit)
133 http cache type-is@https://registry.npmmirror.com/type-is/-/type-is-2.0.1.tgz 0ms (cache hit)
134 http cache undici-types@https://registry.npmmirror.com/undici-types/-/undici-types-7.8.0.tgz 0ms (cache hit)
135 http cache typescript@https://registry.npmmirror.com/typescript/-/typescript-5.8.3.tgz 0ms (cache hit)
136 http cache tslib@https://registry.npmmirror.com/tslib/-/tslib-2.8.1.tgz 0ms (cache hit)
137 http cache type-detect@https://registry.npmmirror.com/type-detect/-/type-detect-4.0.8.tgz 0ms (cache hit)
138 http cache ts-jest@https://registry.npmmirror.com/ts-jest/-/ts-jest-29.4.0.tgz 0ms (cache hit)
139 http cache toidentifier@https://registry.npmmirror.com/toidentifier/-/toidentifier-1.0.1.tgz 0ms (cache hit)
140 http cache tmpl@https://registry.npmmirror.com/tmpl/-/tmpl-1.0.5.tgz 0ms (cache hit)
141 http cache to-regex-range@https://registry.npmmirror.com/to-regex-range/-/to-regex-range-5.0.1.tgz 0ms (cache hit)
142 http cache test-exclude@https://registry.npmmirror.com/test-exclude/-/test-exclude-6.0.0.tgz 0ms (cache hit)
143 http cache synckit@https://registry.npmmirror.com/synckit/-/synckit-0.11.8.tgz 0ms (cache hit)
144 http cache supports-preserve-symlinks-flag@https://registry.npmmirror.com/supports-preserve-symlinks-flag/-/supports-preserve-symlinks-flag-1.0.0.tgz 0ms (cache hit)
145 http cache supports-color@https://registry.npmmirror.com/supports-color/-/supports-color-7.2.0.tgz 0ms (cache hit)
146 http cache strip-json-comments@https://registry.npmmirror.com/strip-json-comments/-/strip-json-comments-3.1.1.tgz 0ms (cache hit)
147 http cache strip-final-newline@https://registry.npmmirror.com/strip-final-newline/-/strip-final-newline-2.0.0.tgz 0ms (cache hit)
148 http cache strip-bom@https://registry.npmmirror.com/strip-bom/-/strip-bom-4.0.0.tgz 0ms (cache hit)
149 http cache strip-ansi-cjs@https://registry.npmmirror.com/strip-ansi/-/strip-ansi-6.0.1.tgz 0ms (cache hit)
150 http cache strip-ansi@https://registry.npmmirror.com/strip-ansi/-/strip-ansi-7.1.0.tgz 0ms (cache hit)
151 http cache strip-eof@https://registry.npmmirror.com/strip-eof/-/strip-eof-1.0.0.tgz 0ms (cache hit)
152 http cache string-width-cjs@https://registry.npmmirror.com/string-width/-/string-width-4.2.3.tgz 0ms (cache hit)
153 http cache string-width@https://registry.npmmirror.com/string-width/-/string-width-5.1.2.tgz 0ms (cache hit)
154 http cache string-length@https://registry.npmmirror.com/string-length/-/string-length-4.0.2.tgz 0ms (cache hit)
155 http cache statuses@https://registry.npmmirror.com/statuses/-/statuses-2.0.1.tgz 0ms (cache hit)
156 http cache source-map-support@https://registry.npmmirror.com/source-map-support/-/source-map-support-0.5.13.tgz 0ms (cache hit)
157 http cache stack-utils@https://registry.npmmirror.com/stack-utils/-/stack-utils-2.0.6.tgz 0ms (cache hit)
158 http cache sprintf-js@https://registry.npmmirror.com/sprintf-js/-/sprintf-js-1.0.3.tgz 0ms (cache hit)
159 http cache slash@https://registry.npmmirror.com/slash/-/slash-3.0.0.tgz 0ms (cache hit)
160 http cache source-map@https://registry.npmmirror.com/source-map/-/source-map-0.6.1.tgz 0ms (cache hit)
161 http cache signal-exit@https://registry.npmmirror.com/signal-exit/-/signal-exit-3.0.7.tgz 0ms (cache hit)
162 http cache side-channel-weakmap@https://registry.npmmirror.com/side-channel-weakmap/-/side-channel-weakmap-1.0.2.tgz 0ms (cache hit)
163 http cache side-channel-list@https://registry.npmmirror.com/side-channel-list/-/side-channel-list-1.0.0.tgz 0ms (cache hit)
164 http cache side-channel@https://registry.npmmirror.com/side-channel/-/side-channel-1.1.0.tgz 0ms (cache hit)
165 http cache shx@https://registry.npmmirror.com/shx/-/shx-0.4.0.tgz 0ms (cache hit)
166 http cache side-channel-map@https://registry.npmmirror.com/side-channel-map/-/side-channel-map-1.0.1.tgz 0ms (cache hit)
167 http cache shebang-regex@https://registry.npmmirror.com/shebang-regex/-/shebang-regex-3.0.0.tgz 0ms (cache hit)
168 http cache shelljs@https://registry.npmmirror.com/shelljs/-/shelljs-0.9.2.tgz 0ms (cache hit)
169 http cache setprototypeof@https://registry.npmmirror.com/setprototypeof/-/setprototypeof-1.2.0.tgz 0ms (cache hit)
170 http cache shebang-command@https://registry.npmmirror.com/shebang-command/-/shebang-command-2.0.0.tgz 0ms (cache hit)
171 http cache serve-static@https://registry.npmmirror.com/serve-static/-/serve-static-2.2.0.tgz 0ms (cache hit)
172 http cache send@https://registry.npmmirror.com/send/-/send-1.2.0.tgz 0ms (cache hit)
173 http cache semver@https://registry.npmmirror.com/semver/-/semver-6.3.1.tgz 0ms (cache hit)
174 http cache safe-buffer@https://registry.npmmirror.com/safe-buffer/-/safe-buffer-5.2.1.tgz 0ms (cache hit)
175 http cache safer-buffer@https://registry.npmmirror.com/safer-buffer/-/safer-buffer-2.1.2.tgz 0ms (cache hit)
176 http cache run-parallel@https://registry.npmmirror.com/run-parallel/-/run-parallel-1.2.0.tgz 0ms (cache hit)
177 http cache router@https://registry.npmmirror.com/router/-/router-2.2.0.tgz 0ms (cache hit)
178 http cache reusify@https://registry.npmmirror.com/reusify/-/reusify-1.1.0.tgz 0ms (cache hit)
179 http cache resolve-from@https://registry.npmmirror.com/resolve-from/-/resolve-from-5.0.0.tgz 0ms (cache hit)
180 http cache resolve-cwd@https://registry.npmmirror.com/resolve-cwd/-/resolve-cwd-3.0.0.tgz 0ms (cache hit)
181 http cache resolve@https://registry.npmmirror.com/resolve/-/resolve-1.22.10.tgz 0ms (cache hit)
182 http cache rechoir@https://registry.npmmirror.com/rechoir/-/rechoir-0.6.2.tgz 0ms (cache hit)
183 http cache require-directory@https://registry.npmmirror.com/require-directory/-/require-directory-2.1.1.tgz 0ms (cache hit)
184 http cache react-is@https://registry.npmmirror.com/react-is/-/react-is-18.3.1.tgz 0ms (cache hit)
185 http cache raw-body@https://registry.npmmirror.com/raw-body/-/raw-body-3.0.0.tgz 0ms (cache hit)
186 http cache qs@https://registry.npmmirror.com/qs/-/qs-6.14.0.tgz 0ms (cache hit)
187 http cache queue-microtask@https://registry.npmmirror.com/queue-microtask/-/queue-microtask-1.2.3.tgz 0ms (cache hit)
188 http cache pure-rand@https://registry.npmmirror.com/pure-rand/-/pure-rand-7.0.1.tgz 0ms (cache hit)
189 http cache range-parser@https://registry.npmmirror.com/range-parser/-/range-parser-1.2.1.tgz 0ms (cache hit)
190 http cache punycode@https://registry.npmmirror.com/punycode/-/punycode-2.3.1.tgz 0ms (cache hit)
191 http cache pretty-format@https://registry.npmmirror.com/pretty-format/-/pretty-format-30.0.2.tgz 0ms (cache hit)
192 http cache proxy-addr@https://registry.npmmirror.com/proxy-addr/-/proxy-addr-2.0.7.tgz 0ms (cache hit)
193 http cache pump@https://registry.npmmirror.com/pump/-/pump-3.0.3.tgz 0ms (cache hit)
194 http cache pkg-dir@https://registry.npmmirror.com/pkg-dir/-/pkg-dir-4.2.0.tgz 0ms (cache hit)
195 http cache pkce-challenge@https://registry.npmmirror.com/pkce-challenge/-/pkce-challenge-5.0.0.tgz 0ms (cache hit)
196 http cache pirates@https://registry.npmmirror.com/pirates/-/pirates-4.0.7.tgz 0ms (cache hit)
197 http cache picomatch@https://registry.npmmirror.com/picomatch/-/picomatch-2.3.1.tgz 0ms (cache hit)
198 http cache picocolors@https://registry.npmmirror.com/picocolors/-/picocolors-1.1.1.tgz 0ms (cache hit)
199 http cache path-parse@https://registry.npmmirror.com/path-parse/-/path-parse-1.0.7.tgz 0ms (cache hit)
200 http cache path-scurry@https://registry.npmmirror.com/path-scurry/-/path-scurry-1.11.1.tgz 0ms (cache hit)
201 http cache path-key@https://registry.npmmirror.com/path-key/-/path-key-3.1.1.tgz 0ms (cache hit)
202 http cache path-is-absolute@https://registry.npmmirror.com/path-is-absolute/-/path-is-absolute-1.0.1.tgz 0ms (cache hit)
203 http cache path-exists@https://registry.npmmirror.com/path-exists/-/path-exists-4.0.0.tgz 0ms (cache hit)
204 http cache parseurl@https://registry.npmmirror.com/parseurl/-/parseurl-1.3.3.tgz 0ms (cache hit)
205 http cache parse-json@https://registry.npmmirror.com/parse-json/-/parse-json-5.2.0.tgz 0ms (cache hit)
206 http cache package-json-from-dist@https://registry.npmmirror.com/package-json-from-dist/-/package-json-from-dist-1.0.1.tgz 0ms (cache hit)
207 http cache p-try@https://registry.npmmirror.com/p-try/-/p-try-2.2.0.tgz 0ms (cache hit)
208 http cache p-limit@https://registry.npmmirror.com/p-limit/-/p-limit-3.1.0.tgz 0ms (cache hit)
209 http cache p-finally@https://registry.npmmirror.com/p-finally/-/p-finally-1.0.0.tgz 0ms (cache hit)
210 http cache p-locate@https://registry.npmmirror.com/p-locate/-/p-locate-4.1.0.tgz 0ms (cache hit)
211 http cache onetime@https://registry.npmmirror.com/onetime/-/onetime-5.1.2.tgz 0ms (cache hit)
212 http cache once@https://registry.npmmirror.com/once/-/once-1.4.0.tgz 0ms (cache hit)
213 http cache on-finished@https://registry.npmmirror.com/on-finished/-/on-finished-2.4.1.tgz 0ms (cache hit)
214 http cache object-inspect@https://registry.npmmirror.com/object-inspect/-/object-inspect-1.13.4.tgz 0ms (cache hit)
215 http cache normalize-path@https://registry.npmmirror.com/normalize-path/-/normalize-path-3.0.0.tgz 0ms (cache hit)
216 http cache npm-run-path@https://registry.npmmirror.com/npm-run-path/-/npm-run-path-4.0.1.tgz 0ms (cache hit)
217 http cache node-releases@https://registry.npmmirror.com/node-releases/-/node-releases-2.0.19.tgz 0ms (cache hit)
218 http cache object-assign@https://registry.npmmirror.com/object-assign/-/object-assign-4.1.1.tgz 0ms (cache hit)
219 http cache node-int64@https://registry.npmmirror.com/node-int64/-/node-int64-0.4.0.tgz 0ms (cache hit)
220 http cache nice-try@https://registry.npmmirror.com/nice-try/-/nice-try-1.0.5.tgz 0ms (cache hit)
221 http cache negotiator@https://registry.npmmirror.com/negotiator/-/negotiator-1.0.0.tgz 0ms (cache hit)
222 http cache natural-compare@https://registry.npmmirror.com/natural-compare/-/natural-compare-1.4.0.tgz 0ms (cache hit)
223 http cache minipass@https://registry.npmmirror.com/minipass/-/minipass-7.1.2.tgz 0ms (cache hit)
224 http cache napi-postinstall@https://registry.npmmirror.com/napi-postinstall/-/napi-postinstall-0.3.0.tgz 0ms (cache hit)
225 http cache ms@https://registry.npmmirror.com/ms/-/ms-2.1.3.tgz 0ms (cache hit)
226 http cache minimist@https://registry.npmmirror.com/minimist/-/minimist-1.2.8.tgz 0ms (cache hit)
227 http cache minimatch@https://registry.npmmirror.com/minimatch/-/minimatch-3.1.2.tgz 0ms (cache hit)
228 http cache mimic-fn@https://registry.npmmirror.com/mimic-fn/-/mimic-fn-2.1.0.tgz 0ms (cache hit)
229 http cache mime-types@https://registry.npmmirror.com/mime-types/-/mime-types-3.0.1.tgz 0ms (cache hit)
230 http cache mime-db@https://registry.npmmirror.com/mime-db/-/mime-db-1.54.0.tgz 0ms (cache hit)
231 http cache micromatch@https://registry.npmmirror.com/micromatch/-/micromatch-4.0.8.tgz 0ms (cache hit)
232 http cache merge2@https://registry.npmmirror.com/merge2/-/merge2-1.4.1.tgz 0ms (cache hit)
233 http cache merge-stream@https://registry.npmmirror.com/merge-stream/-/merge-stream-2.0.0.tgz 0ms (cache hit)
234 http cache merge-descriptors@https://registry.npmmirror.com/merge-descriptors/-/merge-descriptors-2.0.0.tgz 0ms (cache hit)
235 http cache media-typer@https://registry.npmmirror.com/media-typer/-/media-typer-1.1.0.tgz 0ms (cache hit)
236 http cache math-intrinsics@https://registry.npmmirror.com/math-intrinsics/-/math-intrinsics-1.1.0.tgz 0ms (cache hit)
237 http cache makeerror@https://registry.npmmirror.com/makeerror/-/makeerror-1.0.12.tgz 0ms (cache hit)
238 http cache make-dir@https://registry.npmmirror.com/make-dir/-/make-dir-4.0.0.tgz 0ms (cache hit)
239 http cache make-error@https://registry.npmmirror.com/make-error/-/make-error-1.3.6.tgz 0ms (cache hit)
240 http cache lru-cache@https://registry.npmmirror.com/lru-cache/-/lru-cache-5.1.1.tgz 0ms (cache hit)
241 http cache lodash.memoize@https://registry.npmmirror.com/lodash.memoize/-/lodash.memoize-4.1.2.tgz 0ms (cache hit)
242 http cache locate-path@https://registry.npmmirror.com/locate-path/-/locate-path-5.0.0.tgz 0ms (cache hit)
243 http cache lines-and-columns@https://registry.npmmirror.com/lines-and-columns/-/lines-and-columns-1.2.4.tgz 0ms (cache hit)
244 http cache leven@https://registry.npmmirror.com/leven/-/leven-3.1.0.tgz 0ms (cache hit)
245 http cache json5@https://registry.npmmirror.com/json5/-/json5-2.2.3.tgz 0ms (cache hit)
246 http cache json-schema-traverse@https://registry.npmmirror.com/json-schema-traverse/-/json-schema-traverse-0.4.1.tgz 0ms (cache hit)
247 http cache jsesc@https://registry.npmmirror.com/jsesc/-/jsesc-3.1.0.tgz 0ms (cache hit)
248 http cache json-parse-even-better-errors@https://registry.npmmirror.com/json-parse-even-better-errors/-/json-parse-even-better-errors-2.3.1.tgz 0ms (cache hit)
249 http cache js-yaml@https://registry.npmmirror.com/js-yaml/-/js-yaml-3.14.1.tgz 0ms (cache hit)
250 http cache js-tokens@https://registry.npmmirror.com/js-tokens/-/js-tokens-4.0.0.tgz 0ms (cache hit)
251 http cache jest-worker@https://registry.npmmirror.com/jest-worker/-/jest-worker-30.0.2.tgz 0ms (cache hit)
252 http cache jest-watcher@https://registry.npmmirror.com/jest-watcher/-/jest-watcher-30.0.4.tgz 0ms (cache hit)
253 http cache jest-validate@https://registry.npmmirror.com/jest-validate/-/jest-validate-30.0.2.tgz 0ms (cache hit)
254 http cache jest-util@https://registry.npmmirror.com/jest-util/-/jest-util-30.0.2.tgz 0ms (cache hit)
255 http cache jest-runtime@https://registry.npmmirror.com/jest-runtime/-/jest-runtime-30.0.4.tgz 0ms (cache hit)
256 http cache jest-snapshot@https://registry.npmmirror.com/jest-snapshot/-/jest-snapshot-30.0.4.tgz 0ms (cache hit)
257 http cache jest-runner@https://registry.npmmirror.com/jest-runner/-/jest-runner-30.0.4.tgz 0ms (cache hit)
258 http cache jest-resolve-dependencies@https://registry.npmmirror.com/jest-resolve-dependencies/-/jest-resolve-dependencies-30.0.4.tgz 0ms (cache hit)
259 http cache jest-resolve@https://registry.npmmirror.com/jest-resolve/-/jest-resolve-30.0.2.tgz 0ms (cache hit)
260 http cache jest-regex-util@https://registry.npmmirror.com/jest-regex-util/-/jest-regex-util-30.0.1.tgz 0ms (cache hit)
261 http cache jest-pnp-resolver@https://registry.npmmirror.com/jest-pnp-resolver/-/jest-pnp-resolver-1.2.3.tgz 0ms (cache hit)
262 http cache jest-mock@https://registry.npmmirror.com/jest-mock/-/jest-mock-30.0.2.tgz 0ms (cache hit)
263 http cache jest-matcher-utils@https://registry.npmmirror.com/jest-matcher-utils/-/jest-matcher-utils-30.0.4.tgz 0ms (cache hit)
264 http cache jest-message-util@https://registry.npmmirror.com/jest-message-util/-/jest-message-util-30.0.2.tgz 0ms (cache hit)
265 http cache jest-leak-detector@https://registry.npmmirror.com/jest-leak-detector/-/jest-leak-detector-30.0.2.tgz 0ms (cache hit)
266 http cache jest-haste-map@https://registry.npmmirror.com/jest-haste-map/-/jest-haste-map-30.0.2.tgz 0ms (cache hit)
267 http cache jest-environment-node@https://registry.npmmirror.com/jest-environment-node/-/jest-environment-node-30.0.4.tgz 0ms (cache hit)
268 http cache jest-each@https://registry.npmmirror.com/jest-each/-/jest-each-30.0.2.tgz 0ms (cache hit)
269 http cache jest-docblock@https://registry.npmmirror.com/jest-docblock/-/jest-docblock-30.0.1.tgz 0ms (cache hit)
270 http cache jest-diff@https://registry.npmmirror.com/jest-diff/-/jest-diff-30.0.4.tgz 0ms (cache hit)
271 http cache jest-circus@https://registry.npmmirror.com/jest-circus/-/jest-circus-30.0.4.tgz 0ms (cache hit)
272 http cache jest-config@https://registry.npmmirror.com/jest-config/-/jest-config-30.0.4.tgz 0ms (cache hit)
273 http cache jest-cli@https://registry.npmmirror.com/jest-cli/-/jest-cli-30.0.4.tgz 0ms (cache hit)
274 http cache jest-changed-files@https://registry.npmmirror.com/jest-changed-files/-/jest-changed-files-30.0.2.tgz 0ms (cache hit)
275 http cache jest@https://registry.npmmirror.com/jest/-/jest-30.0.4.tgz 0ms (cache hit)
276 http cache jake@https://registry.npmmirror.com/jake/-/jake-10.9.2.tgz 0ms (cache hit)
277 http cache jackspeak@https://registry.npmmirror.com/jackspeak/-/jackspeak-3.4.3.tgz 0ms (cache hit)
278 http cache istanbul-reports@https://registry.npmmirror.com/istanbul-reports/-/istanbul-reports-3.1.7.tgz 0ms (cache hit)
279 http cache istanbul-lib-source-maps@https://registry.npmmirror.com/istanbul-lib-source-maps/-/istanbul-lib-source-maps-5.0.6.tgz 0ms (cache hit)
280 http cache istanbul-lib-report@https://registry.npmmirror.com/istanbul-lib-report/-/istanbul-lib-report-3.0.1.tgz 0ms (cache hit)
281 http cache istanbul-lib-instrument@https://registry.npmmirror.com/istanbul-lib-instrument/-/istanbul-lib-instrument-6.0.3.tgz 0ms (cache hit)
282 http cache isexe@https://registry.npmmirror.com/isexe/-/isexe-2.0.0.tgz 0ms (cache hit)
283 http cache istanbul-lib-coverage@https://registry.npmmirror.com/istanbul-lib-coverage/-/istanbul-lib-coverage-3.2.2.tgz 0ms (cache hit)
284 http cache is-stream@https://registry.npmmirror.com/is-stream/-/is-stream-2.0.1.tgz 0ms (cache hit)
285 http cache is-promise@https://registry.npmmirror.com/is-promise/-/is-promise-4.0.0.tgz 0ms (cache hit)
286 http cache is-number@https://registry.npmmirror.com/is-number/-/is-number-7.0.0.tgz 0ms (cache hit)
287 http cache is-glob@https://registry.npmmirror.com/is-glob/-/is-glob-4.0.3.tgz 0ms (cache hit)
288 http cache is-fullwidth-code-point@https://registry.npmmirror.com/is-fullwidth-code-point/-/is-fullwidth-code-point-3.0.0.tgz 0ms (cache hit)
289 http cache is-generator-fn@https://registry.npmmirror.com/is-generator-fn/-/is-generator-fn-2.1.0.tgz 0ms (cache hit)
290 http cache is-extglob@https://registry.npmmirror.com/is-extglob/-/is-extglob-2.1.1.tgz 0ms (cache hit)
291 http cache is-arrayish@https://registry.npmmirror.com/is-arrayish/-/is-arrayish-0.2.1.tgz 0ms (cache hit)
292 http cache is-core-module@https://registry.npmmirror.com/is-core-module/-/is-core-module-2.16.1.tgz 0ms (cache hit)
293 http cache inflight@https://registry.npmmirror.com/inflight/-/inflight-1.0.6.tgz 0ms (cache hit)
294 http cache ipaddr.js@https://registry.npmmirror.com/ipaddr.js/-/ipaddr.js-1.9.1.tgz 0ms (cache hit)
295 http cache interpret@https://registry.npmmirror.com/interpret/-/interpret-1.4.0.tgz 0ms (cache hit)
296 http cache inherits@https://registry.npmmirror.com/inherits/-/inherits-2.0.4.tgz 0ms (cache hit)
297 http cache imurmurhash@https://registry.npmmirror.com/imurmurhash/-/imurmurhash-0.1.4.tgz 0ms (cache hit)
298 http cache human-signals@https://registry.npmmirror.com/human-signals/-/human-signals-2.1.0.tgz 0ms (cache hit)
299 http cache iconv-lite@https://registry.npmmirror.com/iconv-lite/-/iconv-lite-0.6.3.tgz 0ms (cache hit)
300 http cache import-local@https://registry.npmmirror.com/import-local/-/import-local-3.2.0.tgz 0ms (cache hit)
301 http cache http-errors@https://registry.npmmirror.com/http-errors/-/http-errors-2.0.0.tgz 0ms (cache hit)
302 http cache html-escaper@https://registry.npmmirror.com/html-escaper/-/html-escaper-2.0.2.tgz 0ms (cache hit)
303 http cache hasown@https://registry.npmmirror.com/hasown/-/hasown-2.0.2.tgz 0ms (cache hit)
304 http cache has-symbols@https://registry.npmmirror.com/has-symbols/-/has-symbols-1.1.0.tgz 0ms (cache hit)
305 http cache has-flag@https://registry.npmmirror.com/has-flag/-/has-flag-4.0.0.tgz 0ms (cache hit)
306 http cache graceful-fs@https://registry.npmmirror.com/graceful-fs/-/graceful-fs-4.2.11.tgz 0ms (cache hit)
307 http cache gopd@https://registry.npmmirror.com/gopd/-/gopd-1.2.0.tgz 0ms (cache hit)
308 http cache glob-parent@https://registry.npmmirror.com/glob-parent/-/glob-parent-5.1.2.tgz 0ms (cache hit)
309 http cache get-stream@https://registry.npmmirror.com/get-stream/-/get-stream-6.0.1.tgz 0ms (cache hit)
310 http cache get-intrinsic@https://registry.npmmirror.com/get-intrinsic/-/get-intrinsic-1.3.0.tgz 0ms (cache hit)
311 http cache get-proto@https://registry.npmmirror.com/get-proto/-/get-proto-1.0.1.tgz 0ms (cache hit)
312 http cache glob@https://registry.npmmirror.com/glob/-/glob-10.4.5.tgz 0ms (cache hit)
313 http cache get-package-type@https://registry.npmmirror.com/get-package-type/-/get-package-type-0.1.0.tgz 0ms (cache hit)
314 http cache function-bind@https://registry.npmmirror.com/function-bind/-/function-bind-1.1.2.tgz 0ms (cache hit)
315 http cache get-caller-file@https://registry.npmmirror.com/get-caller-file/-/get-caller-file-2.0.5.tgz 0ms (cache hit)
316 http cache gensync@https://registry.npmmirror.com/gensync/-/gensync-1.0.0-beta.2.tgz 0ms (cache hit)
317 http cache fs.realpath@https://registry.npmmirror.com/fs.realpath/-/fs.realpath-1.0.0.tgz 0ms (cache hit)
318 http cache fresh@https://registry.npmmirror.com/fresh/-/fresh-2.0.0.tgz 0ms (cache hit)
319 http cache forwarded@https://registry.npmmirror.com/forwarded/-/forwarded-0.2.0.tgz 0ms (cache hit)
320 http cache foreground-child@https://registry.npmmirror.com/foreground-child/-/foreground-child-3.3.1.tgz 0ms (cache hit)
321 http cache find-up@https://registry.npmmirror.com/find-up/-/find-up-4.1.0.tgz 0ms (cache hit)
322 http cache fill-range@https://registry.npmmirror.com/fill-range/-/fill-range-7.1.1.tgz 0ms (cache hit)
323 http cache finalhandler@https://registry.npmmirror.com/finalhandler/-/finalhandler-2.1.0.tgz 0ms (cache hit)
324 http cache filelist@https://registry.npmmirror.com/filelist/-/filelist-1.0.4.tgz 0ms (cache hit)
325 http cache fb-watchman@https://registry.npmmirror.com/fb-watchman/-/fb-watchman-2.0.2.tgz 0ms (cache hit)
326 http cache fast-json-stable-stringify@https://registry.npmmirror.com/fast-json-stable-stringify/-/fast-json-stable-stringify-2.1.0.tgz 0ms (cache hit)
327 http cache fast-deep-equal@https://registry.npmmirror.com/fast-deep-equal/-/fast-deep-equal-3.1.3.tgz 0ms (cache hit)
328 http cache fast-glob@https://registry.npmmirror.com/fast-glob/-/fast-glob-3.3.3.tgz 0ms (cache hit)
329 http cache fastq@https://registry.npmmirror.com/fastq/-/fastq-1.19.1.tgz 0ms (cache hit)
330 http cache express-rate-limit@https://registry.npmmirror.com/express-rate-limit/-/express-rate-limit-7.5.1.tgz 0ms (cache hit)
331 http cache express@https://registry.npmmirror.com/express/-/express-5.1.0.tgz 0ms (cache hit)
332 http cache expect@https://registry.npmmirror.com/expect/-/expect-30.0.4.tgz 0ms (cache hit)
333 http cache exit-x@https://registry.npmmirror.com/exit-x/-/exit-x-0.2.2.tgz 1ms (cache hit)
334 http cache execa@https://registry.npmmirror.com/execa/-/execa-5.1.1.tgz 0ms (cache hit)
335 http cache eventsource-parser@https://registry.npmmirror.com/eventsource-parser/-/eventsource-parser-3.0.3.tgz 0ms (cache hit)
336 http cache eventsource@https://registry.npmmirror.com/eventsource/-/eventsource-3.0.7.tgz 0ms (cache hit)
337 http cache etag@https://registry.npmmirror.com/etag/-/etag-1.8.1.tgz 0ms (cache hit)
338 http cache esprima@https://registry.npmmirror.com/esprima/-/esprima-4.0.1.tgz 0ms (cache hit)
339 http cache escape-html@https://registry.npmmirror.com/escape-html/-/escape-html-1.0.3.tgz 0ms (cache hit)
340 http cache escape-string-regexp@https://registry.npmmirror.com/escape-string-regexp/-/escape-string-regexp-2.0.0.tgz 0ms (cache hit)
341 http cache es-object-atoms@https://registry.npmmirror.com/es-object-atoms/-/es-object-atoms-1.1.1.tgz 0ms (cache hit)
342 http cache es-define-property@https://registry.npmmirror.com/es-define-property/-/es-define-property-1.0.1.tgz 1ms (cache hit)
343 http cache end-of-stream@https://registry.npmmirror.com/end-of-stream/-/end-of-stream-1.4.5.tgz 0ms (cache hit)
344 http cache es-errors@https://registry.npmmirror.com/es-errors/-/es-errors-1.3.0.tgz 0ms (cache hit)
345 http cache escalade@https://registry.npmmirror.com/escalade/-/escalade-3.2.0.tgz 0ms (cache hit)
346 http cache error-ex@https://registry.npmmirror.com/error-ex/-/error-ex-1.3.2.tgz 0ms (cache hit)
347 http cache encodeurl@https://registry.npmmirror.com/encodeurl/-/encodeurl-2.0.0.tgz 0ms (cache hit)
348 http cache emoji-regex@https://registry.npmmirror.com/emoji-regex/-/emoji-regex-9.2.2.tgz 0ms (cache hit)
349 http cache emittery@https://registry.npmmirror.com/emittery/-/emittery-0.13.1.tgz 0ms (cache hit)
350 http cache electron-to-chromium@https://registry.npmmirror.com/electron-to-chromium/-/electron-to-chromium-1.5.183.tgz 0ms (cache hit)
351 http cache ee-first@https://registry.npmmirror.com/ee-first/-/ee-first-1.1.1.tgz 0ms (cache hit)
352 http cache ejs@https://registry.npmmirror.com/ejs/-/ejs-3.1.10.tgz 0ms (cache hit)
353 http cache dunder-proto@https://registry.npmmirror.com/dunder-proto/-/dunder-proto-1.0.1.tgz 0ms (cache hit)
354 http cache eastasianwidth@https://registry.npmmirror.com/eastasianwidth/-/eastasianwidth-0.2.0.tgz 0ms (cache hit)
355 http cache detect-newline@https://registry.npmmirror.com/detect-newline/-/detect-newline-3.1.0.tgz 0ms (cache hit)
356 http cache deepmerge@https://registry.npmmirror.com/deepmerge/-/deepmerge-4.3.1.tgz 0ms (cache hit)
357 http cache depd@https://registry.npmmirror.com/depd/-/depd-2.0.0.tgz 0ms (cache hit)
358 http cache dedent@https://registry.npmmirror.com/dedent/-/dedent-1.6.0.tgz 0ms (cache hit)
359 http cache debug@https://registry.npmmirror.com/debug/-/debug-4.4.1.tgz 0ms (cache hit)
360 http cache cross-spawn@https://registry.npmmirror.com/cross-spawn/-/cross-spawn-7.0.6.tgz 0ms (cache hit)
361 http cache cors@https://registry.npmmirror.com/cors/-/cors-2.8.5.tgz 0ms (cache hit)
362 http cache cookie-signature@https://registry.npmmirror.com/cookie-signature/-/cookie-signature-1.2.2.tgz 0ms (cache hit)
363 http cache cookie@https://registry.npmmirror.com/cookie/-/cookie-0.7.1.tgz 0ms (cache hit)
364 http cache convert-source-map@https://registry.npmmirror.com/convert-source-map/-/convert-source-map-2.0.0.tgz 0ms (cache hit)
365 http cache content-type@https://registry.npmmirror.com/content-type/-/content-type-1.0.5.tgz 0ms (cache hit)
366 http cache content-disposition@https://registry.npmmirror.com/content-disposition/-/content-disposition-1.0.0.tgz 0ms (cache hit)
367 http cache collect-v8-coverage@https://registry.npmmirror.com/collect-v8-coverage/-/collect-v8-coverage-1.0.2.tgz 0ms (cache hit)
368 http cache concat-map@https://registry.npmmirror.com/concat-map/-/concat-map-0.0.1.tgz 0ms (cache hit)
369 http cache color-name@https://registry.npmmirror.com/color-name/-/color-name-1.1.4.tgz 0ms (cache hit)
370 http cache color-convert@https://registry.npmmirror.com/color-convert/-/color-convert-2.0.1.tgz 0ms (cache hit)
371 http cache co@https://registry.npmmirror.com/co/-/co-4.6.0.tgz 0ms (cache hit)
372 http cache cliui@https://registry.npmmirror.com/cliui/-/cliui-8.0.1.tgz 0ms (cache hit)
373 http cache cjs-module-lexer@https://registry.npmmirror.com/cjs-module-lexer/-/cjs-module-lexer-2.1.0.tgz 0ms (cache hit)
374 http cache char-regex@https://registry.npmmirror.com/char-regex/-/char-regex-1.0.2.tgz 0ms (cache hit)
375 http cache ci-info@https://registry.npmmirror.com/ci-info/-/ci-info-4.3.0.tgz 0ms (cache hit)
376 http cache chalk@https://registry.npmmirror.com/chalk/-/chalk-4.1.2.tgz 0ms (cache hit)
377 http cache caniuse-lite@https://registry.npmmirror.com/caniuse-lite/-/caniuse-lite-1.0.30001727.tgz 0ms (cache hit)
378 http cache camelcase@https://registry.npmmirror.com/camelcase/-/camelcase-5.3.1.tgz 0ms (cache hit)
379 http cache call-bound@https://registry.npmmirror.com/call-bound/-/call-bound-1.0.4.tgz 0ms (cache hit)
380 http cache callsites@https://registry.npmmirror.com/callsites/-/callsites-3.1.0.tgz 0ms (cache hit)
381 http cache call-bind-apply-helpers@https://registry.npmmirror.com/call-bind-apply-helpers/-/call-bind-apply-helpers-1.0.2.tgz 0ms (cache hit)
382 http cache bytes@https://registry.npmmirror.com/bytes/-/bytes-3.1.2.tgz 0ms (cache hit)
383 http cache buffer-from@https://registry.npmmirror.com/buffer-from/-/buffer-from-1.1.2.tgz 0ms (cache hit)
384 http cache bs-logger@https://registry.npmmirror.com/bs-logger/-/bs-logger-0.2.6.tgz 0ms (cache hit)
385 http cache bser@https://registry.npmmirror.com/bser/-/bser-2.1.1.tgz 0ms (cache hit)
386 http cache browserslist@https://registry.npmmirror.com/browserslist/-/browserslist-4.25.1.tgz 0ms (cache hit)
387 http cache braces@https://registry.npmmirror.com/braces/-/braces-3.0.3.tgz 0ms (cache hit)
388 http cache brace-expansion@https://registry.npmmirror.com/brace-expansion/-/brace-expansion-1.1.12.tgz 0ms (cache hit)
389 http cache body-parser@https://registry.npmmirror.com/body-parser/-/body-parser-2.2.0.tgz 0ms (cache hit)
390 http cache balanced-match@https://registry.npmmirror.com/balanced-match/-/balanced-match-1.0.2.tgz 0ms (cache hit)
391 http cache babel-preset-jest@https://registry.npmmirror.com/babel-preset-jest/-/babel-preset-jest-30.0.1.tgz 0ms (cache hit)
392 http cache babel-preset-current-node-syntax@https://registry.npmmirror.com/babel-preset-current-node-syntax/-/babel-preset-current-node-syntax-1.1.0.tgz 0ms (cache hit)
393 http cache babel-plugin-istanbul@https://registry.npmmirror.com/babel-plugin-istanbul/-/babel-plugin-istanbul-7.0.0.tgz 0ms (cache hit)
394 http cache babel-jest@https://registry.npmmirror.com/babel-jest/-/babel-jest-30.0.4.tgz 0ms (cache hit)
395 http cache async@https://registry.npmmirror.com/async/-/async-3.2.6.tgz 0ms (cache hit)
396 http cache argparse@https://registry.npmmirror.com/argparse/-/argparse-1.0.10.tgz 0ms (cache hit)
397 http cache anymatch@https://registry.npmmirror.com/anymatch/-/anymatch-3.1.3.tgz 0ms (cache hit)
398 http cache babel-plugin-jest-hoist@https://registry.npmmirror.com/babel-plugin-jest-hoist/-/babel-plugin-jest-hoist-30.0.1.tgz 0ms (cache hit)
399 http cache ansi-styles@https://registry.npmmirror.com/ansi-styles/-/ansi-styles-4.3.0.tgz 0ms (cache hit)
400 http cache ansi-regex@https://registry.npmmirror.com/ansi-regex/-/ansi-regex-6.1.0.tgz 0ms (cache hit)
401 http cache ansi-escapes@https://registry.npmmirror.com/ansi-escapes/-/ansi-escapes-4.3.2.tgz 0ms (cache hit)
402 http cache accepts@https://registry.npmmirror.com/accepts/-/accepts-2.0.0.tgz 0ms (cache hit)
403 http cache ajv@https://registry.npmmirror.com/ajv/-/ajv-6.12.6.tgz 0ms (cache hit)
404 http cache @unrs/resolver-binding-win32-x64-msvc@https://registry.npmmirror.com/@unrs/resolver-binding-win32-x64-msvc/-/resolver-binding-win32-x64-msvc-1.11.1.tgz 0ms (cache hit)
405 http cache @types/yargs-parser@https://registry.npmmirror.com/@types/yargs-parser/-/yargs-parser-21.0.3.tgz 0ms (cache hit)
406 http cache @ungap/structured-clone@https://registry.npmmirror.com/@ungap/structured-clone/-/structured-clone-1.3.0.tgz 0ms (cache hit)
407 http cache @types/yargs@https://registry.npmmirror.com/@types/yargs/-/yargs-17.0.33.tgz 0ms (cache hit)
408 http cache @types/stack-utils@https://registry.npmmirror.com/@types/stack-utils/-/stack-utils-2.0.3.tgz 0ms (cache hit)
409 http cache @types/serve-static@https://registry.npmmirror.com/@types/serve-static/-/serve-static-1.15.8.tgz 0ms (cache hit)
410 http cache @types/range-parser@https://registry.npmmirror.com/@types/range-parser/-/range-parser-1.2.7.tgz 0ms (cache hit)
411 http cache @types/send@https://registry.npmmirror.com/@types/send/-/send-0.17.5.tgz 0ms (cache hit)
412 http cache @types/node@https://registry.npmmirror.com/@types/node/-/node-24.0.14.tgz 0ms (cache hit)
413 http cache @types/qs@https://registry.npmmirror.com/@types/qs/-/qs-6.14.0.tgz 0ms (cache hit)
414 http cache @types/mime@https://registry.npmmirror.com/@types/mime/-/mime-1.3.5.tgz 0ms (cache hit)
415 http cache @types/jest@https://registry.npmmirror.com/@types/jest/-/jest-30.0.0.tgz 0ms (cache hit)
416 http cache @types/istanbul-reports@https://registry.npmmirror.com/@types/istanbul-reports/-/istanbul-reports-3.0.4.tgz 0ms (cache hit)
417 http cache @types/istanbul-lib-report@https://registry.npmmirror.com/@types/istanbul-lib-report/-/istanbul-lib-report-3.0.3.tgz 0ms (cache hit)
418 http cache @types/istanbul-lib-coverage@https://registry.npmmirror.com/@types/istanbul-lib-coverage/-/istanbul-lib-coverage-2.0.6.tgz 0ms (cache hit)
419 http cache @types/http-errors@https://registry.npmmirror.com/@types/http-errors/-/http-errors-2.0.5.tgz 0ms (cache hit)
420 http cache @types/express-serve-static-core@https://registry.npmmirror.com/@types/express-serve-static-core/-/express-serve-static-core-4.19.6.tgz 0ms (cache hit)
421 http cache @types/connect@https://registry.npmmirror.com/@types/connect/-/connect-3.4.38.tgz 0ms (cache hit)
422 http cache @types/body-parser@https://registry.npmmirror.com/@types/body-parser/-/body-parser-1.19.6.tgz 0ms (cache hit)
423 http cache @types/express@https://registry.npmmirror.com/@types/express/-/express-4.17.23.tgz 0ms (cache hit)
424 http cache @types/babel__traverse@https://registry.npmmirror.com/@types/babel__traverse/-/babel__traverse-7.20.7.tgz 0ms (cache hit)
425 http cache @types/babel__template@https://registry.npmmirror.com/@types/babel__template/-/babel__template-7.4.4.tgz 0ms (cache hit)
426 http cache @types/babel__generator@https://registry.npmmirror.com/@types/babel__generator/-/babel__generator-7.27.0.tgz 0ms (cache hit)
427 http cache @types/babel__core@https://registry.npmmirror.com/@types/babel__core/-/babel__core-7.20.5.tgz 0ms (cache hit)
428 http cache @tybys/wasm-util@https://registry.npmmirror.com/@tybys/wasm-util/-/wasm-util-0.10.0.tgz 0ms (cache hit)
429 http cache @pkgr/core@https://registry.npmmirror.com/@pkgr/core/-/core-0.2.7.tgz 0ms (cache hit)
430 http cache @sinonjs/fake-timers@https://registry.npmmirror.com/@sinonjs/fake-timers/-/fake-timers-13.0.5.tgz 0ms (cache hit)
431 http cache @sinonjs/commons@https://registry.npmmirror.com/@sinonjs/commons/-/commons-3.0.1.tgz 0ms (cache hit)
432 http cache @pkgjs/parseargs@https://registry.npmmirror.com/@pkgjs/parseargs/-/parseargs-0.11.0.tgz 0ms (cache hit)
433 http cache @napi-rs/wasm-runtime@https://registry.npmmirror.com/@napi-rs/wasm-runtime/-/wasm-runtime-0.2.12.tgz 0ms (cache hit)
434 http cache @nodelib/fs.walk@https://registry.npmmirror.com/@nodelib/fs.walk/-/fs.walk-1.2.8.tgz 0ms (cache hit)
435 http cache @nodelib/fs.stat@https://registry.npmmirror.com/@nodelib/fs.stat/-/fs.stat-2.0.5.tgz 0ms (cache hit)
436 http cache @nodelib/fs.scandir@https://registry.npmmirror.com/@nodelib/fs.scandir/-/fs.scandir-2.1.5.tgz 0ms (cache hit)
437 http cache @modelcontextprotocol/sdk@https://registry.npmmirror.com/@modelcontextprotocol/sdk/-/sdk-1.15.1.tgz 0ms (cache hit)
438 http cache @jridgewell/trace-mapping@https://registry.npmmirror.com/@jridgewell/trace-mapping/-/trace-mapping-0.3.29.tgz 0ms (cache hit)
439 http cache @jridgewell/sourcemap-codec@https://registry.npmmirror.com/@jridgewell/sourcemap-codec/-/sourcemap-codec-1.5.4.tgz 0ms (cache hit)
440 http cache @jridgewell/resolve-uri@https://registry.npmmirror.com/@jridgewell/resolve-uri/-/resolve-uri-3.1.2.tgz 0ms (cache hit)
441 http cache @jridgewell/gen-mapping@https://registry.npmmirror.com/@jridgewell/gen-mapping/-/gen-mapping-0.3.12.tgz 0ms (cache hit)
442 http cache @jest/types@https://registry.npmmirror.com/@jest/types/-/types-30.0.1.tgz 0ms (cache hit)
443 http cache @jest/test-sequencer@https://registry.npmmirror.com/@jest/test-sequencer/-/test-sequencer-30.0.4.tgz 0ms (cache hit)
444 http cache @jest/transform@https://registry.npmmirror.com/@jest/transform/-/transform-30.0.4.tgz 0ms (cache hit)
445 http cache @jest/test-result@https://registry.npmmirror.com/@jest/test-result/-/test-result-30.0.4.tgz 0ms (cache hit)
446 http cache @jest/source-map@https://registry.npmmirror.com/@jest/source-map/-/source-map-30.0.1.tgz 0ms (cache hit)
447 http cache @jest/snapshot-utils@https://registry.npmmirror.com/@jest/snapshot-utils/-/snapshot-utils-30.0.4.tgz 0ms (cache hit)
448 http cache @jest/reporters@https://registry.npmmirror.com/@jest/reporters/-/reporters-30.0.4.tgz 0ms (cache hit)
449 http cache @jest/schemas@https://registry.npmmirror.com/@jest/schemas/-/schemas-30.0.1.tgz 0ms (cache hit)
450 http cache @jest/pattern@https://registry.npmmirror.com/@jest/pattern/-/pattern-30.0.1.tgz 0ms (cache hit)
451 http cache @jest/globals@https://registry.npmmirror.com/@jest/globals/-/globals-30.0.4.tgz 0ms (cache hit)
452 http cache @jest/get-type@https://registry.npmmirror.com/@jest/get-type/-/get-type-30.0.1.tgz 0ms (cache hit)
453 http cache @jest/expect@https://registry.npmmirror.com/@jest/expect/-/expect-30.0.4.tgz 0ms (cache hit)
454 http cache @jest/expect-utils@https://registry.npmmirror.com/@jest/expect-utils/-/expect-utils-30.0.4.tgz 0ms (cache hit)
455 http cache @jest/fake-timers@https://registry.npmmirror.com/@jest/fake-timers/-/fake-timers-30.0.4.tgz 0ms (cache hit)
456 http cache @jest/environment@https://registry.npmmirror.com/@jest/environment/-/environment-30.0.4.tgz 0ms (cache hit)
457 http cache @jest/diff-sequences@https://registry.npmmirror.com/@jest/diff-sequences/-/diff-sequences-30.0.1.tgz 0ms (cache hit)
458 http cache @istanbuljs/schema@https://registry.npmmirror.com/@istanbuljs/schema/-/schema-0.1.3.tgz 0ms (cache hit)
459 http cache @jest/core@https://registry.npmmirror.com/@jest/core/-/core-30.0.4.tgz 0ms (cache hit)
460 http cache @jest/console@https://registry.npmmirror.com/@jest/console/-/console-30.0.4.tgz 0ms (cache hit)
461 http cache @istanbuljs/load-nyc-config@https://registry.npmmirror.com/@istanbuljs/load-nyc-config/-/load-nyc-config-1.1.0.tgz 0ms (cache hit)
462 http cache @isaacs/cliui@https://registry.npmmirror.com/@isaacs/cliui/-/cliui-8.0.2.tgz 0ms (cache hit)
463 http cache @babel/types@https://registry.npmmirror.com/@babel/types/-/types-7.28.1.tgz 0ms (cache hit)
464 http cache @bcoe/v8-coverage@https://registry.npmmirror.com/@bcoe/v8-coverage/-/v8-coverage-0.2.3.tgz 0ms (cache hit)
465 http cache @babel/template@https://registry.npmmirror.com/@babel/template/-/template-7.27.2.tgz 0ms (cache hit)
466 http cache @babel/traverse@https://registry.npmmirror.com/@babel/traverse/-/traverse-7.28.0.tgz 0ms (cache hit)
467 http cache @babel/plugin-syntax-typescript@https://registry.npmmirror.com/@babel/plugin-syntax-typescript/-/plugin-syntax-typescript-7.27.1.tgz 0ms (cache hit)
468 http cache @babel/plugin-syntax-top-level-await@https://registry.npmmirror.com/@babel/plugin-syntax-top-level-await/-/plugin-syntax-top-level-await-7.14.5.tgz 0ms (cache hit)
469 http cache @emnapi/wasi-threads@https://registry.npmmirror.com/@emnapi/wasi-threads/-/wasi-threads-1.0.3.tgz 0ms (cache hit)
470 http cache @emnapi/runtime@https://registry.npmmirror.com/@emnapi/runtime/-/runtime-1.4.4.tgz 0ms (cache hit)
471 http cache @babel/plugin-syntax-private-property-in-object@https://registry.npmmirror.com/@babel/plugin-syntax-private-property-in-object/-/plugin-syntax-private-property-in-object-7.14.5.tgz 0ms (cache hit)
472 http cache @emnapi/core@https://registry.npmmirror.com/@emnapi/core/-/core-1.4.4.tgz 0ms (cache hit)
473 http cache @babel/plugin-syntax-optional-chaining@https://registry.npmmirror.com/@babel/plugin-syntax-optional-chaining/-/plugin-syntax-optional-chaining-7.8.3.tgz 0ms (cache hit)
474 http cache @babel/plugin-syntax-numeric-separator@https://registry.npmmirror.com/@babel/plugin-syntax-numeric-separator/-/plugin-syntax-numeric-separator-7.10.4.tgz 0ms (cache hit)
475 http cache @babel/plugin-syntax-optional-catch-binding@https://registry.npmmirror.com/@babel/plugin-syntax-optional-catch-binding/-/plugin-syntax-optional-catch-binding-7.8.3.tgz 0ms (cache hit)
476 http cache @babel/plugin-syntax-object-rest-spread@https://registry.npmmirror.com/@babel/plugin-syntax-object-rest-spread/-/plugin-syntax-object-rest-spread-7.8.3.tgz 0ms (cache hit)
477 http cache @babel/plugin-syntax-nullish-coalescing-operator@https://registry.npmmirror.com/@babel/plugin-syntax-nullish-coalescing-operator/-/plugin-syntax-nullish-coalescing-operator-7.8.3.tgz 0ms (cache hit)
478 http cache @babel/plugin-syntax-jsx@https://registry.npmmirror.com/@babel/plugin-syntax-jsx/-/plugin-syntax-jsx-7.27.1.tgz 0ms (cache hit)
479 http cache @babel/plugin-syntax-logical-assignment-operators@https://registry.npmmirror.com/@babel/plugin-syntax-logical-assignment-operators/-/plugin-syntax-logical-assignment-operators-7.10.4.tgz 0ms (cache hit)
480 http cache @babel/plugin-syntax-json-strings@https://registry.npmmirror.com/@babel/plugin-syntax-json-strings/-/plugin-syntax-json-strings-7.8.3.tgz 0ms (cache hit)
481 http cache @babel/plugin-syntax-import-meta@https://registry.npmmirror.com/@babel/plugin-syntax-import-meta/-/plugin-syntax-import-meta-7.10.4.tgz 0ms (cache hit)
482 http cache @babel/plugin-syntax-import-attributes@https://registry.npmmirror.com/@babel/plugin-syntax-import-attributes/-/plugin-syntax-import-attributes-7.27.1.tgz 0ms (cache hit)
483 http cache @babel/plugin-syntax-class-properties@https://registry.npmmirror.com/@babel/plugin-syntax-class-properties/-/plugin-syntax-class-properties-7.12.13.tgz 0ms (cache hit)
484 http cache @babel/plugin-syntax-class-static-block@https://registry.npmmirror.com/@babel/plugin-syntax-class-static-block/-/plugin-syntax-class-static-block-7.14.5.tgz 0ms (cache hit)
485 http cache @babel/plugin-syntax-bigint@https://registry.npmmirror.com/@babel/plugin-syntax-bigint/-/plugin-syntax-bigint-7.8.3.tgz 0ms (cache hit)
486 http cache @babel/plugin-syntax-async-generators@https://registry.npmmirror.com/@babel/plugin-syntax-async-generators/-/plugin-syntax-async-generators-7.8.4.tgz 0ms (cache hit)
487 http cache @babel/parser@https://registry.npmmirror.com/@babel/parser/-/parser-7.28.0.tgz 0ms (cache hit)
488 http cache @babel/helpers@https://registry.npmmirror.com/@babel/helpers/-/helpers-7.27.6.tgz 0ms (cache hit)
489 http cache @babel/helper-validator-option@https://registry.npmmirror.com/@babel/helper-validator-option/-/helper-validator-option-7.27.1.tgz 0ms (cache hit)
490 http cache @babel/helper-string-parser@https://registry.npmmirror.com/@babel/helper-string-parser/-/helper-string-parser-7.27.1.tgz 0ms (cache hit)
491 http cache @babel/helper-validator-identifier@https://registry.npmmirror.com/@babel/helper-validator-identifier/-/helper-validator-identifier-7.27.1.tgz 0ms (cache hit)
492 http cache @babel/helper-module-transforms@https://registry.npmmirror.com/@babel/helper-module-transforms/-/helper-module-transforms-7.27.3.tgz 0ms (cache hit)
493 http cache @babel/helper-module-imports@https://registry.npmmirror.com/@babel/helper-module-imports/-/helper-module-imports-7.27.1.tgz 0ms (cache hit)
494 http cache @babel/core@https://registry.npmmirror.com/@babel/core/-/core-7.28.0.tgz 0ms (cache hit)
495 http cache @babel/helper-compilation-targets@https://registry.npmmirror.com/@babel/helper-compilation-targets/-/helper-compilation-targets-7.27.2.tgz 0ms (cache hit)
496 http cache @babel/helper-globals@https://registry.npmmirror.com/@babel/helper-globals/-/helper-globals-7.28.0.tgz 0ms (cache hit)
497 http cache @babel/helper-plugin-utils@https://registry.npmmirror.com/@babel/helper-plugin-utils/-/helper-plugin-utils-7.27.1.tgz 0ms (cache hit)
498 http cache @babel/generator@https://registry.npmmirror.com/@babel/generator/-/generator-7.28.0.tgz 0ms (cache hit)
499 http cache @babel/compat-data@https://registry.npmmirror.com/@babel/compat-data/-/compat-data-7.28.0.tgz 0ms (cache hit)
500 http cache @ampproject/remapping@https://registry.npmmirror.com/@ampproject/remapping/-/remapping-2.3.0.tgz 0ms (cache hit)
501 http cache @babel/code-frame@https://registry.npmmirror.com/@babel/code-frame/-/code-frame-7.27.1.tgz 0ms (cache hit)
502 http cache strip-ansi@https://registry.npmmirror.com/strip-ansi/-/strip-ansi-6.0.1.tgz 0ms (cache hit)
503 http cache emoji-regex@https://registry.npmmirror.com/emoji-regex/-/emoji-regex-8.0.0.tgz 0ms (cache hit)
504 http cache string-width@https://registry.npmmirror.com/string-width/-/string-width-4.2.3.tgz 0ms (cache hit)
505 http cache ansi-regex@https://registry.npmmirror.com/ansi-regex/-/ansi-regex-5.0.1.tgz 0ms (cache hit)
506 http cache signal-exit@https://registry.npmmirror.com/signal-exit/-/signal-exit-4.1.0.tgz 0ms (cache hit)
507 http cache @sinclair/typebox@https://registry.npmmirror.com/@sinclair/typebox/-/typebox-0.34.37.tgz 0ms (cache hit)
508 http cache strip-ansi@https://registry.npmmirror.com/strip-ansi/-/strip-ansi-6.0.1.tgz 0ms (cache hit)
509 http cache string-width@https://registry.npmmirror.com/string-width/-/string-width-4.2.3.tgz 0ms (cache hit)
510 http cache ansi-regex@https://registry.npmmirror.com/ansi-regex/-/ansi-regex-5.0.1.tgz 0ms (cache hit)
511 http cache semver@https://registry.npmmirror.com/semver/-/semver-7.7.2.tgz 0ms (cache hit)
512 http cache type-fest@https://registry.npmmirror.com/type-fest/-/type-fest-4.41.0.tgz 0ms (cache hit)
513 http cache emoji-regex@https://registry.npmmirror.com/emoji-regex/-/emoji-regex-8.0.0.tgz 0ms (cache hit)
514 http cache ansi-styles@https://registry.npmmirror.com/ansi-styles/-/ansi-styles-6.2.1.tgz 0ms (cache hit)
515 http cache glob@https://registry.npmmirror.com/glob/-/glob-7.2.3.tgz 0ms (cache hit)
516 http cache ansi-regex@https://registry.npmmirror.com/ansi-regex/-/ansi-regex-5.0.1.tgz 0ms (cache hit)
517 http cache strip-ansi@https://registry.npmmirror.com/strip-ansi/-/strip-ansi-6.0.1.tgz 0ms (cache hit)
518 http cache emoji-regex@https://registry.npmmirror.com/emoji-regex/-/emoji-regex-8.0.0.tgz 0ms (cache hit)
519 http cache ansi-regex@https://registry.npmmirror.com/ansi-regex/-/ansi-regex-5.0.1.tgz 0ms (cache hit)
520 http cache ansi-regex@https://registry.npmmirror.com/ansi-regex/-/ansi-regex-5.0.1.tgz 0ms (cache hit)
521 http cache which@https://registry.npmmirror.com/which/-/which-1.3.1.tgz 0ms (cache hit)
522 http cache strip-ansi@https://registry.npmmirror.com/strip-ansi/-/strip-ansi-6.0.1.tgz 0ms (cache hit)
523 http cache shebang-command@https://registry.npmmirror.com/shebang-command/-/shebang-command-1.2.0.tgz 0ms (cache hit)
524 http cache shebang-regex@https://registry.npmmirror.com/shebang-regex/-/shebang-regex-1.0.0.tgz 0ms (cache hit)
525 http cache semver@https://registry.npmmirror.com/semver/-/semver-5.7.2.tgz 0ms (cache hit)
526 http cache path-key@https://registry.npmmirror.com/path-key/-/path-key-2.0.1.tgz 0ms (cache hit)
527 http cache npm-run-path@https://registry.npmmirror.com/npm-run-path/-/npm-run-path-2.0.2.tgz 0ms (cache hit)
528 http cache get-stream@https://registry.npmmirror.com/get-stream/-/get-stream-4.1.0.tgz 0ms (cache hit)
529 http cache execa@https://registry.npmmirror.com/execa/-/execa-1.0.0.tgz 0ms (cache hit)
530 http cache is-stream@https://registry.npmmirror.com/is-stream/-/is-stream-1.1.0.tgz 0ms (cache hit)
531 http cache cross-spawn@https://registry.npmmirror.com/cross-spawn/-/cross-spawn-6.0.6.tgz 0ms (cache hit)
532 http cache path-to-regexp@https://registry.npmmirror.com/path-to-regexp/-/path-to-regexp-8.2.0.tgz 0ms (cache hit)
533 http cache ansi-styles@https://registry.npmmirror.com/ansi-styles/-/ansi-styles-5.2.0.tgz 0ms (cache hit)
534 http cache p-limit@https://registry.npmmirror.com/p-limit/-/p-limit-2.3.0.tgz 0ms (cache hit)
535 http cache semver@https://registry.npmmirror.com/semver/-/semver-7.7.2.tgz 0ms (cache hit)
536 http cache lru-cache@https://registry.npmmirror.com/lru-cache/-/lru-cache-10.4.3.tgz 0ms (cache hit)
537 http cache supports-color@https://registry.npmmirror.com/supports-color/-/supports-color-8.1.1.tgz 0ms (cache hit)
538 http cache picomatch@https://registry.npmmirror.com/picomatch/-/picomatch-4.0.2.tgz 0ms (cache hit)
539 http cache camelcase@https://registry.npmmirror.com/camelcase/-/camelcase-6.3.0.tgz 0ms (cache hit)
540 http cache semver@https://registry.npmmirror.com/semver/-/semver-7.7.2.tgz 0ms (cache hit)
541 http cache semver@https://registry.npmmirror.com/semver/-/semver-7.7.2.tgz 0ms (cache hit)
542 http cache minimatch@https://registry.npmmirror.com/minimatch/-/minimatch-9.0.5.tgz 0ms (cache hit)
543 http cache brace-expansion@https://registry.npmmirror.com/brace-expansion/-/brace-expansion-2.0.2.tgz 0ms (cache hit)
544 http cache minimatch@https://registry.npmmirror.com/minimatch/-/minimatch-5.1.6.tgz 0ms (cache hit)
545 http cache signal-exit@https://registry.npmmirror.com/signal-exit/-/signal-exit-4.1.0.tgz 0ms (cache hit)
546 http cache brace-expansion@https://registry.npmmirror.com/brace-expansion/-/brace-expansion-2.0.2.tgz 0ms (cache hit)
547 http cache wrap-ansi@https://registry.npmmirror.com/wrap-ansi/-/wrap-ansi-7.0.0.tgz 0ms (cache hit)
548 http cache strip-ansi@https://registry.npmmirror.com/strip-ansi/-/strip-ansi-6.0.1.tgz 0ms (cache hit)
549 http cache string-width@https://registry.npmmirror.com/string-width/-/string-width-4.2.3.tgz 0ms (cache hit)
550 http cache emoji-regex@https://registry.npmmirror.com/emoji-regex/-/emoji-regex-8.0.0.tgz 0ms (cache hit)
551 http cache zod-to-json-schema@https://registry.npmmirror.com/zod-to-json-schema/-/zod-to-json-schema-3.24.6.tgz 0ms (cache hit)
552 http cache ansi-regex@https://registry.npmmirror.com/ansi-regex/-/ansi-regex-5.0.1.tgz 0ms (cache hit)
553 warn deprecated inflight@1.0.6: This module is not supported, and leaks memory. Do not use it. Check out lru-cache if you want a good and tested way to coalesce async requests by a key value, which is much more comprehensive and powerful.
554 warn deprecated glob@7.2.3: Glob versions prior to v9 are no longer supported
555 info run unrs-resolver@1.11.1 postinstall node_modules/unrs-resolver napi-postinstall unrs-resolver 1.11.1 check
556 info run unrs-resolver@1.11.1 postinstall { code: 0, signal: null }
557 silly ADD node_modules/zod
558 silly ADD node_modules/yocto-queue
559 silly ADD node_modules/yargs-parser
560 silly ADD node_modules/yargs
561 silly ADD node_modules/yargs/node_modules/strip-ansi
562 silly ADD node_modules/yargs/node_modules/string-width
563 silly ADD node_modules/yargs/node_modules/emoji-regex
564 silly ADD node_modules/yargs/node_modules/ansi-regex
565 silly ADD node_modules/yallist
566 silly ADD node_modules/y18n
567 silly ADD node_modules/write-file-atomic
568 silly ADD node_modules/write-file-atomic/node_modules/signal-exit
569 silly ADD node_modules/wrappy
570 silly ADD node_modules/wrap-ansi-cjs
571 silly ADD node_modules/wrap-ansi-cjs/node_modules/strip-ansi
572 silly ADD node_modules/wrap-ansi-cjs/node_modules/string-width
573 silly ADD node_modules/wrap-ansi-cjs/node_modules/emoji-regex
574 silly ADD node_modules/wrap-ansi-cjs/node_modules/ansi-regex
575 silly ADD node_modules/wrap-ansi
576 silly ADD node_modules/wrap-ansi/node_modules/ansi-styles
577 silly ADD node_modules/which
578 silly ADD node_modules/walker
579 silly ADD node_modules/vary
580 silly ADD node_modules/v8-to-istanbul
581 silly ADD node_modules/uri-js
582 silly ADD node_modules/update-browserslist-db
583 silly ADD node_modules/unrs-resolver
584 silly ADD node_modules/unpipe
585 silly ADD node_modules/undici-types
586 silly ADD node_modules/typescript
587 silly ADD node_modules/type-is
588 silly ADD node_modules/type-fest
589 silly ADD node_modules/type-detect
590 silly ADD
591 silly ADD node_modules/ts-jest
592 silly ADD node_modules/ts-jest/node_modules/type-fest
593 silly ADD node_modules/ts-jest/node_modules/semver
594 silly ADD node_modules/toidentifier
595 silly ADD node_modules/to-regex-range
596 silly ADD node_modules/tmpl
597 silly ADD node_modules/test-exclude
598 silly ADD node_modules/test-exclude/node_modules/glob
599 silly ADD node_modules/synckit
600 silly ADD node_modules/supports-preserve-symlinks-flag
601 silly ADD node_modules/supports-color
602 silly ADD node_modules/strip-json-comments
603 silly ADD node_modules/strip-final-newline
604 silly ADD node_modules/strip-eof
605 silly ADD node_modules/strip-bom
606 silly ADD node_modules/strip-ansi-cjs
607 silly ADD node_modules/strip-ansi-cjs/node_modules/ansi-regex
608 silly ADD node_modules/strip-ansi
609 silly ADD node_modules/string-width-cjs
610 silly ADD node_modules/string-width-cjs/node_modules/strip-ansi
611 silly ADD node_modules/string-width-cjs/node_modules/emoji-regex
612 silly ADD node_modules/string-width-cjs/node_modules/ansi-regex
613 silly ADD node_modules/string-width
614 silly ADD node_modules/string-length
615 silly ADD node_modules/string-length/node_modules/strip-ansi
616 silly ADD node_modules/string-length/node_modules/ansi-regex
617 silly ADD node_modules/statuses
618 silly ADD node_modules/stack-utils
619 silly ADD node_modules/sprintf-js
620 silly ADD node_modules/source-map-support
621 silly ADD node_modules/source-map
622 silly ADD node_modules/slash
623 silly ADD node_modules/signal-exit
624 silly ADD node_modules/side-channel-weakmap
625 silly ADD node_modules/side-channel-map
626 silly ADD node_modules/side-channel-list
627 silly ADD node_modules/side-channel
628 silly ADD node_modules/shx
629 silly ADD node_modules/shelljs
630 silly ADD node_modules/shelljs/node_modules/which
631 silly ADD node_modules/shelljs/node_modules/shebang-regex
632 silly ADD node_modules/shelljs/node_modules/shebang-command
633 silly ADD node_modules/shelljs/node_modules/semver
634 silly ADD node_modules/shelljs/node_modules/path-key
635 silly ADD node_modules/shelljs/node_modules/npm-run-path
636 silly ADD node_modules/shelljs/node_modules/is-stream
637 silly ADD node_modules/shelljs/node_modules/get-stream
638 silly ADD node_modules/shelljs/node_modules/execa
639 silly ADD node_modules/shelljs/node_modules/cross-spawn
640 silly ADD node_modules/shebang-regex
641 silly ADD node_modules/shebang-command
642 silly ADD node_modules/setprototypeof
643 silly ADD node_modules/serve-static
644 silly ADD node_modules/send
645 silly ADD node_modules/semver
646 silly ADD node_modules/safer-buffer
647 silly ADD node_modules/safe-buffer
648 silly ADD node_modules/run-parallel
649 silly ADD node_modules/router
650 silly ADD node_modules/router/node_modules/path-to-regexp
651 silly ADD node_modules/reusify
652 silly ADD node_modules/resolve-from
653 silly ADD node_modules/resolve-cwd
654 silly ADD node_modules/resolve
655 silly ADD node_modules/require-directory
656 silly ADD node_modules/rechoir
657 silly ADD node_modules/react-is
658 silly ADD node_modules/raw-body
659 silly ADD node_modules/range-parser
660 silly ADD node_modules/queue-microtask
661 silly ADD node_modules/qs
662 silly ADD node_modules/pure-rand
663 silly ADD node_modules/punycode
664 silly ADD node_modules/pump
665 silly ADD node_modules/proxy-addr
666 silly ADD node_modules/pretty-format
667 silly ADD node_modules/pretty-format/node_modules/ansi-styles
668 silly ADD node_modules/pkg-dir
669 silly ADD node_modules/pkce-challenge
670 silly ADD node_modules/pirates
671 silly ADD node_modules/picomatch
672 silly ADD node_modules/picocolors
673 silly ADD node_modules/path-scurry
674 silly ADD node_modules/path-scurry/node_modules/lru-cache
675 silly ADD node_modules/path-parse
676 silly ADD node_modules/path-key
677 silly ADD node_modules/path-is-absolute
678 silly ADD node_modules/path-exists
679 silly ADD node_modules/parseurl
680 silly ADD node_modules/parse-json
681 silly ADD node_modules/package-json-from-dist
682 silly ADD node_modules/p-try
683 silly ADD node_modules/p-locate
684 silly ADD node_modules/p-locate/node_modules/p-limit
685 silly ADD node_modules/p-limit
686 silly ADD node_modules/p-finally
687 silly ADD node_modules/onetime
688 silly ADD node_modules/once
689 silly ADD node_modules/on-finished
690 silly ADD node_modules/object-inspect
691 silly ADD node_modules/object-assign
692 silly ADD node_modules/npm-run-path
693 silly ADD node_modules/normalize-path
694 silly ADD node_modules/node-releases
695 silly ADD node_modules/node-int64
696 silly ADD node_modules/nice-try
697 silly ADD node_modules/negotiator
698 silly ADD node_modules/natural-compare
699 silly ADD node_modules/napi-postinstall
700 silly ADD node_modules/ms
701 silly ADD node_modules/minipass
702 silly ADD node_modules/minimist
703 silly ADD node_modules/minimatch
704 silly ADD node_modules/mimic-fn
705 silly ADD node_modules/mime-types
706 silly ADD node_modules/mime-db
707 silly ADD node_modules/micromatch
708 silly ADD node_modules/merge2
709 silly ADD node_modules/merge-stream
710 silly ADD node_modules/merge-descriptors
711 silly ADD node_modules/media-typer
712 silly ADD node_modules/math-intrinsics
713 silly ADD node_modules/makeerror
714 silly ADD node_modules/make-error
715 silly ADD node_modules/make-dir
716 silly ADD node_modules/make-dir/node_modules/semver
717 silly ADD node_modules/lru-cache
718 silly ADD node_modules/lodash.memoize
719 silly ADD node_modules/locate-path
720 silly ADD node_modules/lines-and-columns
721 silly ADD node_modules/leven
722 silly ADD node_modules/json5
723 silly ADD node_modules/json-schema-traverse
724 silly ADD node_modules/json-parse-even-better-errors
725 silly ADD node_modules/jsesc
726 silly ADD node_modules/js-yaml
727 silly ADD node_modules/js-tokens
728 silly ADD node_modules/jest-worker
729 silly ADD node_modules/jest-worker/node_modules/supports-color
730 silly ADD node_modules/jest-watcher
731 silly ADD node_modules/jest-validate
732 silly ADD node_modules/jest-validate/node_modules/camelcase
733 silly ADD node_modules/jest-util
734 silly ADD node_modules/jest-util/node_modules/picomatch
735 silly ADD node_modules/jest-snapshot
736 silly ADD node_modules/jest-snapshot/node_modules/semver
737 silly ADD node_modules/jest-runtime
738 silly ADD node_modules/jest-runner
739 silly ADD node_modules/jest-resolve-dependencies
740 silly ADD node_modules/jest-resolve
741 silly ADD node_modules/jest-regex-util
742 silly ADD node_modules/jest-pnp-resolver
743 silly ADD node_modules/jest-mock
744 silly ADD node_modules/jest-message-util
745 silly ADD node_modules/jest-matcher-utils
746 silly ADD node_modules/jest-leak-detector
747 silly ADD node_modules/jest-haste-map
748 silly ADD node_modules/jest-environment-node
749 silly ADD node_modules/jest-each
750 silly ADD node_modules/jest-docblock
751 silly ADD node_modules/jest-diff
752 silly ADD node_modules/jest-config
753 silly ADD node_modules/jest-cli
754 silly ADD node_modules/jest-circus
755 silly ADD node_modules/jest-changed-files
756 silly ADD node_modules/jest
757 silly ADD node_modules/jake
758 silly ADD node_modules/jackspeak
759 silly ADD node_modules/istanbul-reports
760 silly ADD node_modules/istanbul-lib-source-maps
761 silly ADD node_modules/istanbul-lib-report
762 silly ADD node_modules/istanbul-lib-instrument
763 silly ADD node_modules/istanbul-lib-instrument/node_modules/semver
764 silly ADD node_modules/istanbul-lib-coverage
765 silly ADD node_modules/isexe
766 silly ADD node_modules/is-stream
767 silly ADD node_modules/is-promise
768 silly ADD node_modules/is-number
769 silly ADD node_modules/is-glob
770 silly ADD node_modules/is-generator-fn
771 silly ADD node_modules/is-fullwidth-code-point
772 silly ADD node_modules/is-extglob
773 silly ADD node_modules/is-core-module
774 silly ADD node_modules/is-arrayish
775 silly ADD node_modules/ipaddr.js
776 silly ADD node_modules/interpret
777 silly ADD node_modules/inherits
778 silly ADD node_modules/inflight
779 silly ADD node_modules/imurmurhash
780 silly ADD node_modules/import-local
781 silly ADD node_modules/iconv-lite
782 silly ADD node_modules/human-signals
783 silly ADD node_modules/http-errors
784 silly ADD node_modules/html-escaper
785 silly ADD node_modules/hasown
786 silly ADD node_modules/has-symbols
787 silly ADD node_modules/has-flag
788 silly ADD node_modules/graceful-fs
789 silly ADD node_modules/gopd
790 silly ADD node_modules/glob-parent
791 silly ADD node_modules/glob
792 silly ADD node_modules/glob/node_modules/minimatch
793 silly ADD node_modules/glob/node_modules/brace-expansion
794 silly ADD node_modules/get-stream
795 silly ADD node_modules/get-proto
796 silly ADD node_modules/get-package-type
797 silly ADD node_modules/get-intrinsic
798 silly ADD node_modules/get-caller-file
799 silly ADD node_modules/gensync
800 silly ADD node_modules/function-bind
801 silly ADD
802 silly ADD node_modules/fs.realpath
803 silly ADD node_modules/fresh
804 silly ADD node_modules/forwarded
805 silly ADD node_modules/foreground-child
806 silly ADD node_modules/foreground-child/node_modules/signal-exit
807 silly ADD node_modules/find-up
808 silly ADD node_modules/finalhandler
809 silly ADD node_modules/fill-range
810 silly ADD node_modules/filelist
811 silly ADD node_modules/filelist/node_modules/minimatch
812 silly ADD node_modules/filelist/node_modules/brace-expansion
813 silly ADD node_modules/fb-watchman
814 silly ADD node_modules/fastq
815 silly ADD node_modules/fast-json-stable-stringify
816 silly ADD node_modules/fast-glob
817 silly ADD node_modules/fast-deep-equal
818 silly ADD node_modules/express-rate-limit
819 silly ADD node_modules/express
820 silly ADD node_modules/expect
821 silly ADD node_modules/exit-x
822 silly ADD node_modules/execa
823 silly ADD node_modules/eventsource-parser
824 silly ADD node_modules/eventsource
825 silly ADD node_modules/etag
826 silly ADD node_modules/esprima
827 silly ADD node_modules/escape-string-regexp
828 silly ADD node_modules/escape-html
829 silly ADD node_modules/escalade
830 silly ADD node_modules/es-object-atoms
831 silly ADD node_modules/es-errors
832 silly ADD node_modules/es-define-property
833 silly ADD node_modules/error-ex
834 silly ADD node_modules/end-of-stream
835 silly ADD node_modules/encodeurl
836 silly ADD node_modules/emoji-regex
837 silly ADD node_modules/emittery
838 silly ADD node_modules/electron-to-chromium
839 silly ADD node_modules/ejs
840 silly ADD node_modules/ee-first
841 silly ADD node_modules/eastasianwidth
842 silly ADD node_modules/dunder-proto
843 silly ADD node_modules/detect-newline
844 silly ADD node_modules/depd
845 silly ADD node_modules/deepmerge
846 silly ADD node_modules/dedent
847 silly ADD node_modules/debug
848 silly ADD node_modules/cross-spawn
849 silly ADD node_modules/cors
850 silly ADD node_modules/cookie-signature
851 silly ADD node_modules/cookie
852 silly ADD node_modules/convert-source-map
853 silly ADD node_modules/content-type
854 silly ADD node_modules/content-disposition
855 silly ADD node_modules/concat-map
856 silly ADD node_modules/color-name
857 silly ADD node_modules/color-convert
858 silly ADD node_modules/collect-v8-coverage
859 silly ADD node_modules/co
860 silly ADD node_modules/cliui
861 silly ADD node_modules/cliui/node_modules/wrap-ansi
862 silly ADD node_modules/cliui/node_modules/strip-ansi
863 silly ADD node_modules/cliui/node_modules/string-width
864 silly ADD node_modules/cliui/node_modules/emoji-regex
865 silly ADD node_modules/cliui/node_modules/ansi-regex
866 silly ADD node_modules/cjs-module-lexer
867 silly ADD node_modules/ci-info
868 silly ADD node_modules/char-regex
869 silly ADD node_modules/chalk
870 silly ADD node_modules/caniuse-lite
871 silly ADD node_modules/camelcase
872 silly ADD node_modules/callsites
873 silly ADD node_modules/call-bound
874 silly ADD node_modules/call-bind-apply-helpers
875 silly ADD node_modules/bytes
876 silly ADD node_modules/buffer-from
877 silly ADD node_modules/bser
878 silly ADD node_modules/bs-logger
879 silly ADD node_modules/browserslist
880 silly ADD node_modules/braces
881 silly ADD node_modules/brace-expansion
882 silly ADD node_modules/body-parser
883 silly ADD node_modules/balanced-match
884 silly ADD node_modules/babel-preset-jest
885 silly ADD node_modules/babel-preset-current-node-syntax
886 silly ADD node_modules/babel-plugin-jest-hoist
887 silly ADD node_modules/babel-plugin-istanbul
888 silly ADD node_modules/babel-jest
889 silly ADD node_modules/async
890 silly ADD node_modules/argparse
891 silly ADD node_modules/anymatch
892 silly ADD node_modules/ansi-styles
893 silly ADD node_modules/ansi-regex
894 silly ADD node_modules/ansi-escapes
895 silly ADD node_modules/ajv
896 silly ADD node_modules/accepts
897 silly ADD node_modules/@unrs/resolver-binding-win32-x64-msvc
898 silly ADD
899 silly ADD
900 silly ADD
901 silly ADD
902 silly ADD
903 silly ADD
904 silly ADD
905 silly ADD
906 silly ADD
907 silly ADD
908 silly ADD
909 silly ADD
910 silly ADD
911 silly ADD
912 silly ADD
913 silly ADD
914 silly ADD
915 silly ADD
916 silly ADD node_modules/@ungap/structured-clone
917 silly ADD node_modules/@types/yargs-parser
918 silly ADD node_modules/@types/yargs
919 silly ADD node_modules/@types/stack-utils
920 silly ADD node_modules/@types/serve-static
921 silly ADD node_modules/@types/send
922 silly ADD node_modules/@types/range-parser
923 silly ADD node_modules/@types/qs
924 silly ADD node_modules/@types/node
925 silly ADD node_modules/@types/mime
926 silly ADD node_modules/@types/jest
927 silly ADD node_modules/@types/istanbul-reports
928 silly ADD node_modules/@types/istanbul-lib-report
929 silly ADD node_modules/@types/istanbul-lib-coverage
930 silly ADD node_modules/@types/http-errors
931 silly ADD node_modules/@types/express-serve-static-core
932 silly ADD node_modules/@types/express
933 silly ADD node_modules/@types/connect
934 silly ADD node_modules/@types/body-parser
935 silly ADD node_modules/@types/babel__traverse
936 silly ADD node_modules/@types/babel__template
937 silly ADD node_modules/@types/babel__generator
938 silly ADD node_modules/@types/babel__core
939 silly ADD
940 silly ADD node_modules/@sinonjs/fake-timers
941 silly ADD node_modules/@sinonjs/commons
942 silly ADD node_modules/@pkgr/core
943 silly ADD node_modules/@pkgjs/parseargs
944 silly ADD node_modules/@nodelib/fs.walk
945 silly ADD node_modules/@nodelib/fs.stat
946 silly ADD node_modules/@nodelib/fs.scandir
947 silly ADD
948 silly ADD node_modules/@modelcontextprotocol/sdk
949 silly ADD node_modules/@modelcontextprotocol/sdk/node_modules/zod-to-json-schema
950 silly ADD node_modules/@jridgewell/trace-mapping
951 silly ADD node_modules/@jridgewell/sourcemap-codec
952 silly ADD node_modules/@jridgewell/resolve-uri
953 silly ADD node_modules/@jridgewell/gen-mapping
954 silly ADD node_modules/@jest/types
955 silly ADD node_modules/@jest/transform
956 silly ADD node_modules/@jest/test-sequencer
957 silly ADD node_modules/@jest/test-result
958 silly ADD node_modules/@jest/source-map
959 silly ADD node_modules/@jest/snapshot-utils
960 silly ADD node_modules/@jest/schemas
961 silly ADD node_modules/@jest/reporters
962 silly ADD node_modules/@jest/pattern
963 silly ADD node_modules/@jest/globals
964 silly ADD node_modules/@jest/get-type
965 silly ADD node_modules/@jest/fake-timers
966 silly ADD node_modules/@jest/expect-utils
967 silly ADD node_modules/@jest/expect
968 silly ADD node_modules/@jest/environment
969 silly ADD node_modules/@jest/diff-sequences
970 silly ADD node_modules/@jest/core
971 silly ADD node_modules/@jest/console
972 silly ADD node_modules/@istanbuljs/schema
973 silly ADD node_modules/@istanbuljs/load-nyc-config
974 silly ADD node_modules/@isaacs/cliui
975 silly ADD
976 silly ADD
977 silly ADD
978 silly ADD node_modules/@bcoe/v8-coverage
979 silly ADD node_modules/@babel/types
980 silly ADD node_modules/@babel/traverse
981 silly ADD node_modules/@babel/template
982 silly ADD node_modules/@babel/plugin-syntax-typescript
983 silly ADD node_modules/@babel/plugin-syntax-top-level-await
984 silly ADD node_modules/@babel/plugin-syntax-private-property-in-object
985 silly ADD node_modules/@babel/plugin-syntax-optional-chaining
986 silly ADD node_modules/@babel/plugin-syntax-optional-catch-binding
987 silly ADD node_modules/@babel/plugin-syntax-object-rest-spread
988 silly ADD node_modules/@babel/plugin-syntax-numeric-separator
989 silly ADD node_modules/@babel/plugin-syntax-nullish-coalescing-operator
990 silly ADD node_modules/@babel/plugin-syntax-logical-assignment-operators
991 silly ADD node_modules/@babel/plugin-syntax-jsx
992 silly ADD node_modules/@babel/plugin-syntax-json-strings
993 silly ADD node_modules/@babel/plugin-syntax-import-meta
994 silly ADD node_modules/@babel/plugin-syntax-import-attributes
995 silly ADD node_modules/@babel/plugin-syntax-class-static-block
996 silly ADD node_modules/@babel/plugin-syntax-class-properties
997 silly ADD node_modules/@babel/plugin-syntax-bigint
998 silly ADD node_modules/@babel/plugin-syntax-async-generators
999 silly ADD node_modules/@babel/parser
1000 silly ADD node_modules/@babel/helpers
1001 silly ADD node_modules/@babel/helper-validator-option
1002 silly ADD node_modules/@babel/helper-validator-identifier
1003 silly ADD node_modules/@babel/helper-string-parser
1004 silly ADD node_modules/@babel/helper-plugin-utils
1005 silly ADD node_modules/@babel/helper-module-transforms
1006 silly ADD node_modules/@babel/helper-module-imports
1007 silly ADD node_modules/@babel/helper-globals
1008 silly ADD node_modules/@babel/helper-compilation-targets
1009 silly ADD node_modules/@babel/generator
1010 silly ADD node_modules/@babel/core
1011 silly ADD node_modules/@babel/compat-data
1012 silly ADD node_modules/@babel/code-frame
1013 silly ADD node_modules/@ampproject/remapping
1014 silly CHANGE node_modules/@sinclair/typebox
1015 verbose cwd D:\Whitelist\Template\Building\Suroc-AITeam\Documentation_Pack\MCP_Manual\sources\slack
1016 verbose os Windows_NT 10.0.26100
1017 verbose node v23.10.0
1018 verbose npm  v10.9.2
1019 verbose exit 0
1020 info ok
