0 verbose cli C:\Program Files\nodejs\node.exe C:\Program Files\nodejs\node_modules\npm\bin\npm-cli.js
1 info using npm@10.9.2
2 info using node@v23.10.0
3 silly config load:file:C:\Users\win10\AppData\Roaming\nvm\v23.10.0\node_modules\npm\npmrc
4 silly config load:file:D:\Whitelist\Template\Building\Suroc-AITeam\Documentation_Pack\MCP_Manual\sources\exa\.npmrc
5 silly config load:file:C:\Users\win10\.npmrc
6 silly config load:file:C:\Program Files\nodejs\etc\npmrc
7 verbose title npm install
8 verbose argv "install" "--no-audit" "--no-fund" "--cache" "D:\\Whitelist\\Template\\Building\\Suroc-AITeam\\Documentation_Pack\\MCP_Manual\\.npm-cache" "--ignore-scripts"
9 verbose logfile logs-max:10 dir:D:\Whitelist\Template\Building\Suroc-AITeam\Documentation_Pack\MCP_Manual\.npm-cache\_logs\2026-03-19T05_35_09_730Z-
10 verbose logfile D:\Whitelist\Template\Building\Suroc-AITeam\Documentation_Pack\MCP_Manual\.npm-cache\_logs\2026-03-19T05_35_09_730Z-debug-0.log
11 silly logfile start cleaning logs, removing 1 files
12 silly packumentCache heap:4345298944 maxSize:1086324736 maxEntrySize:543162368
13 silly logfile done cleaning log files
14 silly idealTree buildDeps
15 silly reify moves {}
16 verbose reify failed optional dependency D:\Whitelist\Template\Building\Suroc-AITeam\Documentation_Pack\MCP_Manual\sources\exa\node_modules\fsevents
17 silly reify mark deleted [
17 silly reify   'D:\\Whitelist\\Template\\Building\\Suroc-AITeam\\Documentation_Pack\\MCP_Manual\\sources\\exa\\node_modules\\fsevents'
17 silly reify ]
18 verbose reify failed optional dependency D:\Whitelist\Template\Building\Suroc-AITeam\Documentation_Pack\MCP_Manual\sources\exa\node_modules\esbuild-windows-arm64
19 silly reify mark deleted [
19 silly reify   'D:\\Whitelist\\Template\\Building\\Suroc-AITeam\\Documentation_Pack\\MCP_Manual\\sources\\exa\\node_modules\\esbuild-windows-arm64'
19 silly reify ]
20 verbose reify failed optional dependency D:\Whitelist\Template\Building\Suroc-AITeam\Documentation_Pack\MCP_Manual\sources\exa\node_modules\esbuild-windows-32
21 silly reify mark deleted [
21 silly reify   'D:\\Whitelist\\Template\\Building\\Suroc-AITeam\\Documentation_Pack\\MCP_Manual\\sources\\exa\\node_modules\\esbuild-windows-32'
21 silly reify ]
22 verbose reify failed optional dependency D:\Whitelist\Template\Building\Suroc-AITeam\Documentation_Pack\MCP_Manual\sources\exa\node_modules\esbuild-sunos-64
23 silly reify mark deleted [
23 silly reify   'D:\\Whitelist\\Template\\Building\\Suroc-AITeam\\Documentation_Pack\\MCP_Manual\\sources\\exa\\node_modules\\esbuild-sunos-64'
23 silly reify ]
24 verbose reify failed optional dependency D:\Whitelist\Template\Building\Suroc-AITeam\Documentation_Pack\MCP_Manual\sources\exa\node_modules\esbuild-openbsd-64
25 silly reify mark deleted [
25 silly reify   'D:\\Whitelist\\Template\\Building\\Suroc-AITeam\\Documentation_Pack\\MCP_Manual\\sources\\exa\\node_modules\\esbuild-openbsd-64'
25 silly reify ]
26 verbose reify failed optional dependency D:\Whitelist\Template\Building\Suroc-AITeam\Documentation_Pack\MCP_Manual\sources\exa\node_modules\esbuild-netbsd-64
27 silly reify mark deleted [
27 silly reify   'D:\\Whitelist\\Template\\Building\\Suroc-AITeam\\Documentation_Pack\\MCP_Manual\\sources\\exa\\node_modules\\esbuild-netbsd-64'
27 silly reify ]
28 verbose reify failed optional dependency D:\Whitelist\Template\Building\Suroc-AITeam\Documentation_Pack\MCP_Manual\sources\exa\node_modules\esbuild-linux-s390x
29 silly reify mark deleted [
29 silly reify   'D:\\Whitelist\\Template\\Building\\Suroc-AITeam\\Documentation_Pack\\MCP_Manual\\sources\\exa\\node_modules\\esbuild-linux-s390x'
29 silly reify ]
30 verbose reify failed optional dependency D:\Whitelist\Template\Building\Suroc-AITeam\Documentation_Pack\MCP_Manual\sources\exa\node_modules\esbuild-linux-riscv64
31 silly reify mark deleted [
31 silly reify   'D:\\Whitelist\\Template\\Building\\Suroc-AITeam\\Documentation_Pack\\MCP_Manual\\sources\\exa\\node_modules\\esbuild-linux-riscv64'
31 silly reify ]
32 verbose reify failed optional dependency D:\Whitelist\Template\Building\Suroc-AITeam\Documentation_Pack\MCP_Manual\sources\exa\node_modules\esbuild-linux-ppc64le
33 silly reify mark deleted [
33 silly reify   'D:\\Whitelist\\Template\\Building\\Suroc-AITeam\\Documentation_Pack\\MCP_Manual\\sources\\exa\\node_modules\\esbuild-linux-ppc64le'
33 silly reify ]
34 verbose reify failed optional dependency D:\Whitelist\Template\Building\Suroc-AITeam\Documentation_Pack\MCP_Manual\sources\exa\node_modules\esbuild-linux-mips64le
35 silly reify mark deleted [
35 silly reify   'D:\\Whitelist\\Template\\Building\\Suroc-AITeam\\Documentation_Pack\\MCP_Manual\\sources\\exa\\node_modules\\esbuild-linux-mips64le'
35 silly reify ]
36 verbose reify failed optional dependency D:\Whitelist\Template\Building\Suroc-AITeam\Documentation_Pack\MCP_Manual\sources\exa\node_modules\esbuild-linux-arm64
37 silly reify mark deleted [
37 silly reify   'D:\\Whitelist\\Template\\Building\\Suroc-AITeam\\Documentation_Pack\\MCP_Manual\\sources\\exa\\node_modules\\esbuild-linux-arm64'
37 silly reify ]
38 verbose reify failed optional dependency D:\Whitelist\Template\Building\Suroc-AITeam\Documentation_Pack\MCP_Manual\sources\exa\node_modules\esbuild-linux-arm
39 silly reify mark deleted [
39 silly reify   'D:\\Whitelist\\Template\\Building\\Suroc-AITeam\\Documentation_Pack\\MCP_Manual\\sources\\exa\\node_modules\\esbuild-linux-arm'
39 silly reify ]
40 verbose reify failed optional dependency D:\Whitelist\Template\Building\Suroc-AITeam\Documentation_Pack\MCP_Manual\sources\exa\node_modules\esbuild-linux-64
41 silly reify mark deleted [
41 silly reify   'D:\\Whitelist\\Template\\Building\\Suroc-AITeam\\Documentation_Pack\\MCP_Manual\\sources\\exa\\node_modules\\esbuild-linux-64'
41 silly reify ]
42 verbose reify failed optional dependency D:\Whitelist\Template\Building\Suroc-AITeam\Documentation_Pack\MCP_Manual\sources\exa\node_modules\esbuild-linux-32
43 silly reify mark deleted [
43 silly reify   'D:\\Whitelist\\Template\\Building\\Suroc-AITeam\\Documentation_Pack\\MCP_Manual\\sources\\exa\\node_modules\\esbuild-linux-32'
43 silly reify ]
44 verbose reify failed optional dependency D:\Whitelist\Template\Building\Suroc-AITeam\Documentation_Pack\MCP_Manual\sources\exa\node_modules\esbuild-freebsd-arm64
45 silly reify mark deleted [
45 silly reify   'D:\\Whitelist\\Template\\Building\\Suroc-AITeam\\Documentation_Pack\\MCP_Manual\\sources\\exa\\node_modules\\esbuild-freebsd-arm64'
45 silly reify ]
46 verbose reify failed optional dependency D:\Whitelist\Template\Building\Suroc-AITeam\Documentation_Pack\MCP_Manual\sources\exa\node_modules\esbuild-freebsd-64
47 silly reify mark deleted [
47 silly reify   'D:\\Whitelist\\Template\\Building\\Suroc-AITeam\\Documentation_Pack\\MCP_Manual\\sources\\exa\\node_modules\\esbuild-freebsd-64'
47 silly reify ]
48 verbose reify failed optional dependency D:\Whitelist\Template\Building\Suroc-AITeam\Documentation_Pack\MCP_Manual\sources\exa\node_modules\esbuild-darwin-arm64
49 silly reify mark deleted [
49 silly reify   'D:\\Whitelist\\Template\\Building\\Suroc-AITeam\\Documentation_Pack\\MCP_Manual\\sources\\exa\\node_modules\\esbuild-darwin-arm64'
49 silly reify ]
50 verbose reify failed optional dependency D:\Whitelist\Template\Building\Suroc-AITeam\Documentation_Pack\MCP_Manual\sources\exa\node_modules\esbuild-darwin-64
51 silly reify mark deleted [
51 silly reify   'D:\\Whitelist\\Template\\Building\\Suroc-AITeam\\Documentation_Pack\\MCP_Manual\\sources\\exa\\node_modules\\esbuild-darwin-64'
51 silly reify ]
52 verbose reify failed optional dependency D:\Whitelist\Template\Building\Suroc-AITeam\Documentation_Pack\MCP_Manual\sources\exa\node_modules\esbuild-android-arm64
53 silly reify mark deleted [
53 silly reify   'D:\\Whitelist\\Template\\Building\\Suroc-AITeam\\Documentation_Pack\\MCP_Manual\\sources\\exa\\node_modules\\esbuild-android-arm64'
53 silly reify ]
54 verbose reify failed optional dependency D:\Whitelist\Template\Building\Suroc-AITeam\Documentation_Pack\MCP_Manual\sources\exa\node_modules\esbuild-android-64
55 silly reify mark deleted [
55 silly reify   'D:\\Whitelist\\Template\\Building\\Suroc-AITeam\\Documentation_Pack\\MCP_Manual\\sources\\exa\\node_modules\\esbuild-android-64'
55 silly reify ]
56 verbose reify failed optional dependency D:\Whitelist\Template\Building\Suroc-AITeam\Documentation_Pack\MCP_Manual\sources\exa\node_modules\@ngrok\ngrok-win32-ia32-msvc
57 silly reify mark deleted [
57 silly reify   'D:\\Whitelist\\Template\\Building\\Suroc-AITeam\\Documentation_Pack\\MCP_Manual\\sources\\exa\\node_modules\\@ngrok\\ngrok-win32-ia32-msvc'
57 silly reify ]
58 verbose reify failed optional dependency D:\Whitelist\Template\Building\Suroc-AITeam\Documentation_Pack\MCP_Manual\sources\exa\node_modules\@ngrok\ngrok-win32-arm64-msvc
59 silly reify mark deleted [
59 silly reify   'D:\\Whitelist\\Template\\Building\\Suroc-AITeam\\Documentation_Pack\\MCP_Manual\\sources\\exa\\node_modules\\@ngrok\\ngrok-win32-arm64-msvc'
59 silly reify ]
60 verbose reify failed optional dependency D:\Whitelist\Template\Building\Suroc-AITeam\Documentation_Pack\MCP_Manual\sources\exa\node_modules\@ngrok\ngrok-linux-x64-musl
61 silly reify mark deleted [
61 silly reify   'D:\\Whitelist\\Template\\Building\\Suroc-AITeam\\Documentation_Pack\\MCP_Manual\\sources\\exa\\node_modules\\@ngrok\\ngrok-linux-x64-musl'
61 silly reify ]
62 verbose reify failed optional dependency D:\Whitelist\Template\Building\Suroc-AITeam\Documentation_Pack\MCP_Manual\sources\exa\node_modules\@ngrok\ngrok-linux-x64-gnu
63 silly reify mark deleted [
63 silly reify   'D:\\Whitelist\\Template\\Building\\Suroc-AITeam\\Documentation_Pack\\MCP_Manual\\sources\\exa\\node_modules\\@ngrok\\ngrok-linux-x64-gnu'
63 silly reify ]
64 verbose reify failed optional dependency D:\Whitelist\Template\Building\Suroc-AITeam\Documentation_Pack\MCP_Manual\sources\exa\node_modules\@ngrok\ngrok-linux-arm64-musl
65 silly reify mark deleted [
65 silly reify   'D:\\Whitelist\\Template\\Building\\Suroc-AITeam\\Documentation_Pack\\MCP_Manual\\sources\\exa\\node_modules\\@ngrok\\ngrok-linux-arm64-musl'
65 silly reify ]
66 verbose reify failed optional dependency D:\Whitelist\Template\Building\Suroc-AITeam\Documentation_Pack\MCP_Manual\sources\exa\node_modules\@ngrok\ngrok-linux-arm64-gnu
67 silly reify mark deleted [
67 silly reify   'D:\\Whitelist\\Template\\Building\\Suroc-AITeam\\Documentation_Pack\\MCP_Manual\\sources\\exa\\node_modules\\@ngrok\\ngrok-linux-arm64-gnu'
67 silly reify ]
68 verbose reify failed optional dependency D:\Whitelist\Template\Building\Suroc-AITeam\Documentation_Pack\MCP_Manual\sources\exa\node_modules\@ngrok\ngrok-linux-arm-gnueabihf
69 silly reify mark deleted [
69 silly reify   'D:\\Whitelist\\Template\\Building\\Suroc-AITeam\\Documentation_Pack\\MCP_Manual\\sources\\exa\\node_modules\\@ngrok\\ngrok-linux-arm-gnueabihf'
69 silly reify ]
70 verbose reify failed optional dependency D:\Whitelist\Template\Building\Suroc-AITeam\Documentation_Pack\MCP_Manual\sources\exa\node_modules\@ngrok\ngrok-freebsd-x64
71 silly reify mark deleted [
71 silly reify   'D:\\Whitelist\\Template\\Building\\Suroc-AITeam\\Documentation_Pack\\MCP_Manual\\sources\\exa\\node_modules\\@ngrok\\ngrok-freebsd-x64'
71 silly reify ]
72 verbose reify failed optional dependency D:\Whitelist\Template\Building\Suroc-AITeam\Documentation_Pack\MCP_Manual\sources\exa\node_modules\@ngrok\ngrok-darwin-x64
73 silly reify mark deleted [
73 silly reify   'D:\\Whitelist\\Template\\Building\\Suroc-AITeam\\Documentation_Pack\\MCP_Manual\\sources\\exa\\node_modules\\@ngrok\\ngrok-darwin-x64'
73 silly reify ]
74 verbose reify failed optional dependency D:\Whitelist\Template\Building\Suroc-AITeam\Documentation_Pack\MCP_Manual\sources\exa\node_modules\@ngrok\ngrok-darwin-universal
75 silly reify mark deleted [
75 silly reify   'D:\\Whitelist\\Template\\Building\\Suroc-AITeam\\Documentation_Pack\\MCP_Manual\\sources\\exa\\node_modules\\@ngrok\\ngrok-darwin-universal'
75 silly reify ]
76 verbose reify failed optional dependency D:\Whitelist\Template\Building\Suroc-AITeam\Documentation_Pack\MCP_Manual\sources\exa\node_modules\@ngrok\ngrok-darwin-arm64
77 silly reify mark deleted [
77 silly reify   'D:\\Whitelist\\Template\\Building\\Suroc-AITeam\\Documentation_Pack\\MCP_Manual\\sources\\exa\\node_modules\\@ngrok\\ngrok-darwin-arm64'
77 silly reify ]
78 verbose reify failed optional dependency D:\Whitelist\Template\Building\Suroc-AITeam\Documentation_Pack\MCP_Manual\sources\exa\node_modules\@ngrok\ngrok-android-arm64
79 silly reify mark deleted [
79 silly reify   'D:\\Whitelist\\Template\\Building\\Suroc-AITeam\\Documentation_Pack\\MCP_Manual\\sources\\exa\\node_modules\\@ngrok\\ngrok-android-arm64'
79 silly reify ]
80 verbose reify failed optional dependency D:\Whitelist\Template\Building\Suroc-AITeam\Documentation_Pack\MCP_Manual\sources\exa\node_modules\@esbuild\win32-ia32
81 silly reify mark deleted [
81 silly reify   'D:\\Whitelist\\Template\\Building\\Suroc-AITeam\\Documentation_Pack\\MCP_Manual\\sources\\exa\\node_modules\\@esbuild\\win32-ia32'
81 silly reify ]
82 verbose reify failed optional dependency D:\Whitelist\Template\Building\Suroc-AITeam\Documentation_Pack\MCP_Manual\sources\exa\node_modules\@esbuild\win32-arm64
83 silly reify mark deleted [
83 silly reify   'D:\\Whitelist\\Template\\Building\\Suroc-AITeam\\Documentation_Pack\\MCP_Manual\\sources\\exa\\node_modules\\@esbuild\\win32-arm64'
83 silly reify ]
84 verbose reify failed optional dependency D:\Whitelist\Template\Building\Suroc-AITeam\Documentation_Pack\MCP_Manual\sources\exa\node_modules\@esbuild\sunos-x64
85 silly reify mark deleted [
85 silly reify   'D:\\Whitelist\\Template\\Building\\Suroc-AITeam\\Documentation_Pack\\MCP_Manual\\sources\\exa\\node_modules\\@esbuild\\sunos-x64'
85 silly reify ]
86 verbose reify failed optional dependency D:\Whitelist\Template\Building\Suroc-AITeam\Documentation_Pack\MCP_Manual\sources\exa\node_modules\@esbuild\openharmony-arm64
87 silly reify mark deleted [
87 silly reify   'D:\\Whitelist\\Template\\Building\\Suroc-AITeam\\Documentation_Pack\\MCP_Manual\\sources\\exa\\node_modules\\@esbuild\\openharmony-arm64'
87 silly reify ]
88 verbose reify failed optional dependency D:\Whitelist\Template\Building\Suroc-AITeam\Documentation_Pack\MCP_Manual\sources\exa\node_modules\@esbuild\openbsd-x64
89 silly reify mark deleted [
89 silly reify   'D:\\Whitelist\\Template\\Building\\Suroc-AITeam\\Documentation_Pack\\MCP_Manual\\sources\\exa\\node_modules\\@esbuild\\openbsd-x64'
89 silly reify ]
90 verbose reify failed optional dependency D:\Whitelist\Template\Building\Suroc-AITeam\Documentation_Pack\MCP_Manual\sources\exa\node_modules\@esbuild\openbsd-arm64
91 silly reify mark deleted [
91 silly reify   'D:\\Whitelist\\Template\\Building\\Suroc-AITeam\\Documentation_Pack\\MCP_Manual\\sources\\exa\\node_modules\\@esbuild\\openbsd-arm64'
91 silly reify ]
92 verbose reify failed optional dependency D:\Whitelist\Template\Building\Suroc-AITeam\Documentation_Pack\MCP_Manual\sources\exa\node_modules\@esbuild\netbsd-x64
93 silly reify mark deleted [
93 silly reify   'D:\\Whitelist\\Template\\Building\\Suroc-AITeam\\Documentation_Pack\\MCP_Manual\\sources\\exa\\node_modules\\@esbuild\\netbsd-x64'
93 silly reify ]
94 verbose reify failed optional dependency D:\Whitelist\Template\Building\Suroc-AITeam\Documentation_Pack\MCP_Manual\sources\exa\node_modules\@esbuild\netbsd-arm64
95 silly reify mark deleted [
95 silly reify   'D:\\Whitelist\\Template\\Building\\Suroc-AITeam\\Documentation_Pack\\MCP_Manual\\sources\\exa\\node_modules\\@esbuild\\netbsd-arm64'
95 silly reify ]
96 verbose reify failed optional dependency D:\Whitelist\Template\Building\Suroc-AITeam\Documentation_Pack\MCP_Manual\sources\exa\node_modules\@esbuild\linux-x64
97 silly reify mark deleted [
97 silly reify   'D:\\Whitelist\\Template\\Building\\Suroc-AITeam\\Documentation_Pack\\MCP_Manual\\sources\\exa\\node_modules\\@esbuild\\linux-x64'
97 silly reify ]
98 verbose reify failed optional dependency D:\Whitelist\Template\Building\Suroc-AITeam\Documentation_Pack\MCP_Manual\sources\exa\node_modules\@esbuild\linux-s390x
99 silly reify mark deleted [
99 silly reify   'D:\\Whitelist\\Template\\Building\\Suroc-AITeam\\Documentation_Pack\\MCP_Manual\\sources\\exa\\node_modules\\@esbuild\\linux-s390x'
99 silly reify ]
100 verbose reify failed optional dependency D:\Whitelist\Template\Building\Suroc-AITeam\Documentation_Pack\MCP_Manual\sources\exa\node_modules\@esbuild\linux-riscv64
101 silly reify mark deleted [
101 silly reify   'D:\\Whitelist\\Template\\Building\\Suroc-AITeam\\Documentation_Pack\\MCP_Manual\\sources\\exa\\node_modules\\@esbuild\\linux-riscv64'
101 silly reify ]
102 verbose reify failed optional dependency D:\Whitelist\Template\Building\Suroc-AITeam\Documentation_Pack\MCP_Manual\sources\exa\node_modules\@esbuild\linux-ppc64
103 silly reify mark deleted [
103 silly reify   'D:\\Whitelist\\Template\\Building\\Suroc-AITeam\\Documentation_Pack\\MCP_Manual\\sources\\exa\\node_modules\\@esbuild\\linux-ppc64'
103 silly reify ]
104 verbose reify failed optional dependency D:\Whitelist\Template\Building\Suroc-AITeam\Documentation_Pack\MCP_Manual\sources\exa\node_modules\@esbuild\linux-mips64el
105 silly reify mark deleted [
105 silly reify   'D:\\Whitelist\\Template\\Building\\Suroc-AITeam\\Documentation_Pack\\MCP_Manual\\sources\\exa\\node_modules\\@esbuild\\linux-mips64el'
105 silly reify ]
106 verbose reify failed optional dependency D:\Whitelist\Template\Building\Suroc-AITeam\Documentation_Pack\MCP_Manual\sources\exa\node_modules\@esbuild\linux-loong64
107 silly reify mark deleted [
107 silly reify   'D:\\Whitelist\\Template\\Building\\Suroc-AITeam\\Documentation_Pack\\MCP_Manual\\sources\\exa\\node_modules\\@esbuild\\linux-loong64'
107 silly reify ]
108 verbose reify failed optional dependency D:\Whitelist\Template\Building\Suroc-AITeam\Documentation_Pack\MCP_Manual\sources\exa\node_modules\@esbuild\linux-ia32
109 silly reify mark deleted [
109 silly reify   'D:\\Whitelist\\Template\\Building\\Suroc-AITeam\\Documentation_Pack\\MCP_Manual\\sources\\exa\\node_modules\\@esbuild\\linux-ia32'
109 silly reify ]
110 verbose reify failed optional dependency D:\Whitelist\Template\Building\Suroc-AITeam\Documentation_Pack\MCP_Manual\sources\exa\node_modules\@esbuild\linux-arm64
111 silly reify mark deleted [
111 silly reify   'D:\\Whitelist\\Template\\Building\\Suroc-AITeam\\Documentation_Pack\\MCP_Manual\\sources\\exa\\node_modules\\@esbuild\\linux-arm64'
111 silly reify ]
112 verbose reify failed optional dependency D:\Whitelist\Template\Building\Suroc-AITeam\Documentation_Pack\MCP_Manual\sources\exa\node_modules\@esbuild\linux-arm
113 silly reify mark deleted [
113 silly reify   'D:\\Whitelist\\Template\\Building\\Suroc-AITeam\\Documentation_Pack\\MCP_Manual\\sources\\exa\\node_modules\\@esbuild\\linux-arm'
113 silly reify ]
114 verbose reify failed optional dependency D:\Whitelist\Template\Building\Suroc-AITeam\Documentation_Pack\MCP_Manual\sources\exa\node_modules\@esbuild\freebsd-x64
115 silly reify mark deleted [
115 silly reify   'D:\\Whitelist\\Template\\Building\\Suroc-AITeam\\Documentation_Pack\\MCP_Manual\\sources\\exa\\node_modules\\@esbuild\\freebsd-x64'
115 silly reify ]
116 verbose reify failed optional dependency D:\Whitelist\Template\Building\Suroc-AITeam\Documentation_Pack\MCP_Manual\sources\exa\node_modules\@esbuild\freebsd-arm64
117 silly reify mark deleted [
117 silly reify   'D:\\Whitelist\\Template\\Building\\Suroc-AITeam\\Documentation_Pack\\MCP_Manual\\sources\\exa\\node_modules\\@esbuild\\freebsd-arm64'
117 silly reify ]
118 verbose reify failed optional dependency D:\Whitelist\Template\Building\Suroc-AITeam\Documentation_Pack\MCP_Manual\sources\exa\node_modules\@esbuild\darwin-x64
119 silly reify mark deleted [
119 silly reify   'D:\\Whitelist\\Template\\Building\\Suroc-AITeam\\Documentation_Pack\\MCP_Manual\\sources\\exa\\node_modules\\@esbuild\\darwin-x64'
119 silly reify ]
120 verbose reify failed optional dependency D:\Whitelist\Template\Building\Suroc-AITeam\Documentation_Pack\MCP_Manual\sources\exa\node_modules\@esbuild\darwin-arm64
121 silly reify mark deleted [
121 silly reify   'D:\\Whitelist\\Template\\Building\\Suroc-AITeam\\Documentation_Pack\\MCP_Manual\\sources\\exa\\node_modules\\@esbuild\\darwin-arm64'
121 silly reify ]
122 verbose reify failed optional dependency D:\Whitelist\Template\Building\Suroc-AITeam\Documentation_Pack\MCP_Manual\sources\exa\node_modules\@esbuild\android-x64
123 silly reify mark deleted [
123 silly reify   'D:\\Whitelist\\Template\\Building\\Suroc-AITeam\\Documentation_Pack\\MCP_Manual\\sources\\exa\\node_modules\\@esbuild\\android-x64'
123 silly reify ]
124 verbose reify failed optional dependency D:\Whitelist\Template\Building\Suroc-AITeam\Documentation_Pack\MCP_Manual\sources\exa\node_modules\@esbuild\android-arm64
125 silly reify mark deleted [
125 silly reify   'D:\\Whitelist\\Template\\Building\\Suroc-AITeam\\Documentation_Pack\\MCP_Manual\\sources\\exa\\node_modules\\@esbuild\\android-arm64'
125 silly reify ]
126 verbose reify failed optional dependency D:\Whitelist\Template\Building\Suroc-AITeam\Documentation_Pack\MCP_Manual\sources\exa\node_modules\@esbuild\android-arm
127 silly reify mark deleted [
127 silly reify   'D:\\Whitelist\\Template\\Building\\Suroc-AITeam\\Documentation_Pack\\MCP_Manual\\sources\\exa\\node_modules\\@esbuild\\android-arm'
127 silly reify ]
128 verbose reify failed optional dependency D:\Whitelist\Template\Building\Suroc-AITeam\Documentation_Pack\MCP_Manual\sources\exa\node_modules\@esbuild\aix-ppc64
129 silly reify mark deleted [
129 silly reify   'D:\\Whitelist\\Template\\Building\\Suroc-AITeam\\Documentation_Pack\\MCP_Manual\\sources\\exa\\node_modules\\@esbuild\\aix-ppc64'
129 silly reify ]
130 verbose reify failed optional dependency D:\Whitelist\Template\Building\Suroc-AITeam\Documentation_Pack\MCP_Manual\sources\exa\node_modules\chokidar\node_modules\fsevents
131 silly reify mark deleted [
131 silly reify   'D:\\Whitelist\\Template\\Building\\Suroc-AITeam\\Documentation_Pack\\MCP_Manual\\sources\\exa\\node_modules\\chokidar\\node_modules\\fsevents'
131 silly reify ]
132 silly ADD
133 silly ADD
134 silly ADD
135 silly ADD
136 silly ADD
137 silly ADD
138 silly ADD
139 silly ADD
140 silly ADD
141 silly ADD
142 silly ADD
143 silly ADD
144 silly ADD
145 silly ADD
146 silly ADD
147 silly ADD
148 silly ADD
149 silly ADD
150 silly ADD
151 silly ADD
152 silly ADD
153 silly ADD
154 silly ADD
155 silly ADD
156 silly ADD
157 silly ADD
158 silly ADD
159 silly ADD
160 silly ADD
161 silly ADD
162 silly ADD
163 silly ADD
164 silly ADD
165 silly ADD
166 silly ADD
167 silly ADD
168 silly ADD
169 silly ADD
170 silly ADD
171 silly ADD
172 silly ADD
173 silly ADD
174 silly ADD
175 silly ADD
176 silly ADD
177 silly ADD
178 silly ADD
179 silly ADD
180 silly ADD
181 silly ADD
182 silly ADD
183 silly ADD
184 silly ADD
185 silly ADD
186 silly ADD
187 silly ADD
188 silly ADD
189 silly ADD
190 verbose cwd D:\Whitelist\Template\Building\Suroc-AITeam\Documentation_Pack\MCP_Manual\sources\exa
191 verbose os Windows_NT 10.0.26100
192 verbose node v23.10.0
193 verbose npm  v10.9.2
194 verbose exit 0
195 info ok
